#
# There is insufficient memory for the Java Runtime Environment to continue.
# Native memory allocation (mmap) failed to map 67108864 bytes for G1 virtual space
# Possible reasons:
#   The system is out of physical RAM or swap space
#   The process is running with CompressedOops enabled, and the Java Heap may be blocking the growth of the native heap
# Possible solutions:
#   Reduce memory load on the system
#   Increase physical memory or swap space
#   Check if swap backing store is full
#   Decrease Java heap size (-Xmx/-Xms)
#   Decrease number of Java threads
#   Decrease Java thread stack sizes (-Xss)
#   Set larger code cache with -XX:ReservedCodeCacheSize=
#   JVM is running with Unscaled Compressed Oops mode in which the Java heap is
#     placed in the first 4GB address space. The Java Heap base address is the
#     maximum limit for the native heap growth. Please use -XX:HeapBaseMinAddress
#     to set the Java Heap base and to place the Java Heap above 4GB virtual address.
# This output file may be truncated or incomplete.
#
#  Out of Memory Error (os_windows.cpp:3548), pid=5676, tid=9368
#
# JRE version:  (17.0.12+8) (build )
# Java VM: Java HotSpot(TM) 64-Bit Server VM (17.0.12+8-LTS-286, mixed mode, sharing, tiered, compressed oops, compressed class ptrs, g1 gc, windows-amd64)
# No core dump will be written. Minidumps are not enabled by default on client versions of Windows
#

---------------  S U M M A R Y ------------

Command Line: -Dnet.bytebuddy.agent.attacher.dump= net.bytebuddy.agent.Attacher com.sun.tools.attach.VirtualMachine 12508 C:\Users\User\.gradle\caches\modules-2\files-2.1\net.bytebuddy\byte-buddy-agent\1.15.11\a38b16385e867f59a641330f0362ebe742788ed8\byte-buddy-agent-1.15.11.jar false 

Host: Intel(R) Core(TM) i3-3240 CPU @ 3.40GHz, 4 cores, 3G,  Windows 10 , 64 bit Build 19041 (10.0.19041.5915)
Time: Thu Aug 21 13:04:45 2025 India Standard Time elapsed time: 0.060202 seconds (0d 0h 0m 0s)

---------------  T H R E A D  ---------------

Current thread (0x000002e0b3e04130):  JavaThread "Unknown thread" [_thread_in_vm, id=9368, stack(0x000000feb3100000,0x000000feb3200000)]

Stack: [0x000000feb3100000,0x000000feb3200000]
Native frames: (J=compiled Java code, j=interpreted, Vv=VM code, C=native code)
V  [jvm.dll+0x67a04a]
V  [jvm.dll+0x7da4ed]
V  [jvm.dll+0x7dbe33]
V  [jvm.dll+0x7dc4a3]
V  [jvm.dll+0x24508f]
V  [jvm.dll+0x677089]
V  [jvm.dll+0x66bd32]
V  [jvm.dll+0x301fa6]
V  [jvm.dll+0x309546]
V  [jvm.dll+0x359d2e]
V  [jvm.dll+0x359f5f]
V  [jvm.dll+0x2d9078]
V  [jvm.dll+0x2d9fe4]
V  [jvm.dll+0x7aca21]
V  [jvm.dll+0x367591]
V  [jvm.dll+0x78b999]
V  [jvm.dll+0x3ec83f]
V  [jvm.dll+0x3ee471]
C  [jli.dll+0x5297]
C  [ucrtbase.dll+0x21bb2]
C  [KERNEL32.DLL+0x17374]
C  [ntdll.dll+0x4cc91]


---------------  P R O C E S S  ---------------

Threads class SMR info:
_java_thread_list=0x00007ffd1f517a18, length=0, elements={
}

Java Threads: ( => current thread )

Other Threads:
  0x000002e0b3e3f7f0 GCTaskThread "GC Thread#0" [stack: 0x000000feb3200000,0x000000feb3300000] [id=12036]
  0x000002e0b3e49220 ConcurrentGCThread "G1 Main Marker" [stack: 0x000000feb3300000,0x000000feb3400000] [id=7272]
  0x000002e0b3e4b1f0 ConcurrentGCThread "G1 Conc#0" [stack: 0x000000feb3400000,0x000000feb3500000] [id=8288]

[error occurred during error reporting (printing all threads), id 0xc0000005, EXCEPTION_ACCESS_VIOLATION (0xc0000005) at pc=0x00007ffd1ed49b67]

VM state: not at safepoint (not fully initialized)

VM Mutex/Monitor currently owned by a thread:  ([mutex/lock_event])
[0x000002e0b3e00900] Heap_lock - owner thread: 0x000002e0b3e04130

Heap address: 0x00000000c1a00000, size: 998 MB, Compressed Oops mode: 32-bit

CDS archive(s) mapped at: [0x0000000000000000-0x0000000000000000-0x0000000000000000), size 0, SharedBaseAddress: 0x0000000800000000, ArchiveRelocationMode: 1.
Narrow klass base: 0x0000000000000000, Narrow klass shift: 0, Narrow klass range: 0x0

GC Precious Log:
<Empty>

Heap:
 garbage-first heap   total 0K, used 0K [0x00000000c1a00000, 0x0000000100000000)
  region size 1024K, 0 young (0K), 0 survivors (0K)

[error occurred during error reporting (printing heap information), id 0xc0000005, EXCEPTION_ACCESS_VIOLATION (0xc0000005) at pc=0x00007ffd1f133859]

GC Heap History (0 events):
No events

Deoptimization events (0 events):
No events

Classes unloaded (0 events):
No events

Classes redefined (0 events):
No events

Internal exceptions (0 events):
No events

VM Operations (0 events):
No events

Events (1 events):
Event: 0.012 Loaded shared library C:\Program Files\Java\jdk-17\bin\java.dll


Dynamic libraries:
0x00007ff70b2c0000 - 0x00007ff70b2d0000 	C:\Program Files\Java\jdk-17\bin\java.exe
0x00007ffd64d30000 - 0x00007ffd64f28000 	C:\Windows\SYSTEM32\ntdll.dll
0x00007ffd644f0000 - 0x00007ffd645b2000 	C:\Windows\System32\KERNEL32.DLL
0x00007ffd62570000 - 0x00007ffd62867000 	C:\Windows\System32\KERNELBASE.dll
0x00007ffd62990000 - 0x00007ffd62a90000 	C:\Windows\System32\ucrtbase.dll
0x00007ffd5a3d0000 - 0x00007ffd5a3e9000 	C:\Program Files\Java\jdk-17\bin\jli.dll
0x00007ffd5ba40000 - 0x00007ffd5ba5b000 	C:\Program Files\Java\jdk-17\bin\VCRUNTIME140.dll
0x00007ffd62f00000 - 0x00007ffd62fb1000 	C:\Windows\System32\ADVAPI32.dll
0x00007ffd645c0000 - 0x00007ffd6465e000 	C:\Windows\System32\msvcrt.dll
0x00007ffd63fc0000 - 0x00007ffd6405f000 	C:\Windows\System32\sechost.dll
0x00007ffd64290000 - 0x00007ffd643b6000 	C:\Windows\System32\RPCRT4.dll
0x00007ffd62ac0000 - 0x00007ffd62ae7000 	C:\Windows\System32\bcrypt.dll
0x00007ffd63e20000 - 0x00007ffd63fbd000 	C:\Windows\System32\USER32.dll
0x00007ffd62a90000 - 0x00007ffd62ab2000 	C:\Windows\System32\win32u.dll
0x00007ffd4a710000 - 0x00007ffd4a9aa000 	C:\Windows\WinSxS\amd64_microsoft.windows.common-controls_6595b64144ccf1df_6.0.19041.5915_none_60b4b9d171f9c7c7\COMCTL32.dll
0x00007ffd644b0000 - 0x00007ffd644db000 	C:\Windows\System32\GDI32.dll
0x00007ffd62870000 - 0x00007ffd62989000 	C:\Windows\System32\gdi32full.dll
0x00007ffd62af0000 - 0x00007ffd62b8d000 	C:\Windows\System32\msvcp_win.dll
0x00007ffd5c120000 - 0x00007ffd5c12a000 	C:\Windows\SYSTEM32\VERSION.dll
0x00007ffd62db0000 - 0x00007ffd62ddf000 	C:\Windows\System32\IMM32.DLL
0x00007ffd5d180000 - 0x00007ffd5d18c000 	C:\Program Files\Java\jdk-17\bin\vcruntime140_1.dll
0x00007ffd4f590000 - 0x00007ffd4f61e000 	C:\Program Files\Java\jdk-17\bin\msvcp140.dll
0x00007ffd1ea60000 - 0x00007ffd1f640000 	C:\Program Files\Java\jdk-17\bin\server\jvm.dll
0x00007ffd64ce0000 - 0x00007ffd64ce8000 	C:\Windows\System32\PSAPI.DLL
0x00007ffd542d0000 - 0x00007ffd542d9000 	C:\Windows\SYSTEM32\WSOCK32.dll
0x00007ffd4ab10000 - 0x00007ffd4ab37000 	C:\Windows\SYSTEM32\WINMM.dll
0x00007ffd634c0000 - 0x00007ffd6352b000 	C:\Windows\System32\WS2_32.dll
0x00007ffd60220000 - 0x00007ffd60232000 	C:\Windows\SYSTEM32\kernel.appcore.dll
0x00007ffd5a3c0000 - 0x00007ffd5a3ca000 	C:\Program Files\Java\jdk-17\bin\jimage.dll
0x00007ffd5ba80000 - 0x00007ffd5bc81000 	C:\Windows\SYSTEM32\DBGHELP.DLL
0x00007ffd5b790000 - 0x00007ffd5b7c4000 	C:\Windows\SYSTEM32\dbgcore.DLL
0x00007ffd62c10000 - 0x00007ffd62c92000 	C:\Windows\System32\bcryptPrimitives.dll
0x00007ffd55f90000 - 0x00007ffd55fb5000 	C:\Program Files\Java\jdk-17\bin\java.dll

dbghelp: loaded successfully - version: 4.0.5 - missing functions: none
symbol engine: initialized successfully - sym options: 0x614 - pdb path: .;C:\Program Files\Java\jdk-17\bin;C:\Windows\SYSTEM32;C:\Windows\WinSxS\amd64_microsoft.windows.common-controls_6595b64144ccf1df_6.0.19041.5915_none_60b4b9d171f9c7c7;C:\Program Files\Java\jdk-17\bin\server

VM Arguments:
jvm_args: -Dnet.bytebuddy.agent.attacher.dump= 
java_command: net.bytebuddy.agent.Attacher com.sun.tools.attach.VirtualMachine 12508 C:\Users\User\.gradle\caches\modules-2\files-2.1\net.bytebuddy\byte-buddy-agent\1.15.11\a38b16385e867f59a641330f0362ebe742788ed8\byte-buddy-agent-1.15.11.jar false 
java_class_path (initial): C:\Users\User\.gradle\caches\modules-2\files-2.1\net.bytebuddy\byte-buddy-agent\1.15.11\a38b16385e867f59a641330f0362ebe742788ed8\byte-buddy-agent-1.15.11.jar
Launcher Type: SUN_STANDARD

[Global flags]
     intx CICompilerCount                          = 3                                         {product} {ergonomic}
     uint ConcGCThreads                            = 1                                         {product} {ergonomic}
     uint G1ConcRefinementThreads                  = 4                                         {product} {ergonomic}
   size_t G1HeapRegionSize                         = 1048576                                   {product} {ergonomic}
    uintx GCDrainStackTargetSize                   = 64                                        {product} {ergonomic}
   size_t InitialHeapSize                          = 67108864                                  {product} {ergonomic}
   size_t MarkStackSize                            = 4194304                                   {product} {ergonomic}
   size_t MaxHeapSize                              = 1046478848                                {product} {ergonomic}
   size_t MinHeapDeltaBytes                        = 1048576                                   {product} {ergonomic}
   size_t MinHeapSize                              = 8388608                                   {product} {ergonomic}
    uintx NonNMethodCodeHeapSize                   = 5832780                                {pd product} {ergonomic}
    uintx NonProfiledCodeHeapSize                  = 122912730                              {pd product} {ergonomic}
    uintx ProfiledCodeHeapSize                     = 122912730                              {pd product} {ergonomic}
    uintx ReservedCodeCacheSize                    = 251658240                              {pd product} {ergonomic}
     bool SegmentedCodeCache                       = true                                      {product} {ergonomic}
   size_t SoftMaxHeapSize                          = 1046478848                             {manageable} {ergonomic}
     bool UseCompressedClassPointers               = true                           {product lp64_product} {ergonomic}
     bool UseCompressedOops                        = true                           {product lp64_product} {ergonomic}
     bool UseG1GC                                  = true                                      {product} {ergonomic}
     bool UseLargePagesIndividualAllocation        = false                                  {pd product} {ergonomic}

Logging:
Log output configuration:
 #0: stdout all=warning uptime,level,tags
 #1: stderr all=off uptime,level,tags

Environment Variables:
JAVA_HOME=C:\Program Files\Java\jdk-17
PATH=C:\Program Files\Common Files\Oracle\Java\javapath;C:\Windows\system32;C:\Windows;C:\Windows\System32\Wbem;C:\Windows\System32\WindowsPowerShell\v1.0\;C:\Windows\System32\OpenSSH\;C:\Program Files\Git\cmd;C:\Program Files\Java\jdk-17\bin;;C:\Program Files\Docker\Docker\resources\bin;C:\Program Files\dotnet\;C:\Windows\system32\config\systemprofile\AppData\Local\Muse Hub\lib;C:\Program Files\MySQL\MySQL Shell 8.0\bin\;C:\Users\User\AppData\Local\Microsoft\WindowsApps;C:\Users\User\AppData\Local\Programs\Microsoft VS Code\bin;C:\Program Files\Java\jdk-17\bin;C:\Windows\System32\cmd.exe;;C:\Program Files\JetBrains\IntelliJ IDEA Community Edition 2025.1.2\bin;
USERNAME=User
OS=Windows_NT
PROCESSOR_IDENTIFIER=Intel64 Family 6 Model 58 Stepping 9, GenuineIntel



---------------  S Y S T E M  ---------------

OS:
 Windows 10 , 64 bit Build 19041 (10.0.19041.5915)
OS uptime: 1 days 14:28 hours
Hyper-V role detected

CPU: total 4 (initial active 4) (2 cores per cpu, 2 threads per core) family 6 model 58 stepping 9 microcode 0x21, cx8, cmov, fxsr, ht, mmx, sse, sse2, sse3, ssse3, sse4.1, sse4.2, popcnt, tsc, tscinvbit, avx, erms, clmul, vzeroupper, clflush, hv

Memory: 4k page, system-wide physical 3989M (232M free)
TotalPageFile size 16277M (AvailPageFile size 71M)
current process WorkingSet (physical memory assigned to process): 10M, peak: 10M
current process commit charge ("private bytes"): 51M, peak: 115M

vm_info: Java HotSpot(TM) 64-Bit Server VM (17.0.12+8-LTS-286) for windows-amd64 JRE (17.0.12+8-LTS-286), built on Jun  5 2024 06:46:59 by "mach5one" with MS VC++ 17.6 (VS2022)

END.
