#
# There is insufficient memory for the Java Runtime Environment to continue.
# Native memory allocation (malloc) failed to allocate 1060176 bytes for Chunk::new
# Possible reasons:
#   The system is out of physical RAM or swap space
#   The process is running with CompressedOops enabled, and the Java Heap may be blocking the growth of the native heap
# Possible solutions:
#   Reduce memory load on the system
#   Increase physical memory or swap space
#   Check if swap backing store is full
#   Decrease Java heap size (-Xmx/-Xms)
#   Decrease number of Java threads
#   Decrease Java thread stack sizes (-Xss)
#   Set larger code cache with -XX:ReservedCodeCacheSize=
#   JVM is running with Unscaled Compressed Oops mode in which the Java heap is
#     placed in the first 4GB address space. The Java Heap base address is the
#     maximum limit for the native heap growth. Please use -XX:HeapBaseMinAddress
#     to set the Java Heap base and to place the Java Heap above 4GB virtual address.
# This output file may be truncated or incomplete.
#
#  Out of Memory Error (arena.cpp:189), pid=14936, tid=14912
#
# JRE version: Java(TM) SE Runtime Environment (17.0.12+8) (build 17.0.12+8-LTS-286)
# Java VM: Java HotSpot(TM) 64-Bit Server VM (17.0.12+8-LTS-286, mixed mode, sharing, tiered, compressed oops, compressed class ptrs, g1 gc, windows-amd64)
# No core dump will be written. Minidumps are not enabled by default on client versions of Windows
#

---------------  S U M M A R Y ------------

Command Line: --add-opens=java.base/java.lang=ALL-UNNAMED --add-opens=java.base/java.lang.invoke=ALL-UNNAMED --add-opens=java.base/java.util=ALL-UNNAMED --add-opens=java.prefs/java.util.prefs=ALL-UNNAMED --add-exports=jdk.compiler/com.sun.tools.javac.api=ALL-UNNAMED --add-exports=jdk.compiler/com.sun.tools.javac.util=ALL-UNNAMED --add-opens=java.base/java.util=ALL-UNNAMED --add-opens=java.prefs/java.util.prefs=ALL-UNNAMED --add-opens=java.base/java.nio.charset=ALL-UNNAMED --add-opens=java.base/java.net=ALL-UNNAMED --add-opens=java.base/java.util.concurrent.atomic=ALL-UNNAMED --add-opens=java.xml/javax.xml.namespace=ALL-UNNAMED -XX:MaxMetaspaceSize=384m -XX:+HeapDumpOnOutOfMemoryError -Xms256m -Xmx512m -Dfile.encoding=UTF-8 -Duser.country=IN -Duser.language=en -Duser.variant -javaagent:C:\Users\User\.gradle\wrapper\dists\gradle-8.14.3-bin\cv11ve7ro1n3o1j4so8xd9n66\gradle-8.14.3\lib\agents\gradle-instrumentation-agent-8.14.3.jar org.gradle.launcher.daemon.bootstrap.GradleDaemon 8.14.3

Host: Intel(R) Core(TM) i3-3240 CPU @ 3.40GHz, 4 cores, 3G,  Windows 10 , 64 bit Build 19041 (10.0.19041.5915)
Time: Sun Aug 24 21:09:55 2025 India Standard Time elapsed time: 1686.144717 seconds (0d 0h 28m 6s)

---------------  T H R E A D  ---------------

Current thread (0x000001cabcbd0640):  JavaThread "C2 CompilerThread0" daemon [_thread_in_native, id=14912, stack(0x00000066fbe00000,0x00000066fbf00000)]


Current CompileTask:
C2:1686145 21037       4       com.squareup.javapoet.ClassName::emit (167 bytes)

Stack: [0x00000066fbe00000,0x00000066fbf00000]
Native frames: (J=compiled Java code, j=interpreted, Vv=VM code, C=native code)
V  [jvm.dll+0x67a04a]
V  [jvm.dll+0x7da4ed]
V  [jvm.dll+0x7dbe33]
V  [jvm.dll+0x7dc4a3]
V  [jvm.dll+0x24508f]
V  [jvm.dll+0xab773]
V  [jvm.dll+0xabd3c]
V  [jvm.dll+0x2aa52f]
V  [jvm.dll+0x581eb9]
V  [jvm.dll+0x21f422]
V  [jvm.dll+0x21f81f]
V  [jvm.dll+0x218aa0]
V  [jvm.dll+0x215b65]
V  [jvm.dll+0x1a2960]
V  [jvm.dll+0x22610b]
V  [jvm.dll+0x2242ab]
V  [jvm.dll+0x79075c]
V  [jvm.dll+0x78abea]
V  [jvm.dll+0x678f35]
C  [ucrtbase.dll+0x21bb2]
C  [KERNEL32.DLL+0x17374]
C  [ntdll.dll+0x4cc91]


---------------  P R O C E S S  ---------------

Threads class SMR info:
_java_thread_list=0x000001cad622bfe0, length=88, elements={
0x000001caa0bf9770, 0x000001cabcbad9d0, 0x000001cabcbae560, 0x000001cabcbc2a10,
0x000001cabcbc32e0, 0x000001cabcbc3bb0, 0x000001cabcbc4480, 0x000001cabcbd0640,
0x000001cabcbd4370, 0x000001cabcbd4c80, 0x000001cabcb99160, 0x000001cad61e63a0,
0x000001cad7b19730, 0x000001cad63a07d0, 0x000001cad6bfe780, 0x000001cad6ce2b10,
0x000001cad6ce3530, 0x000001cad6ce3a40, 0x000001cad84bf680, 0x000001cad84c3340,
0x000001cad84c51a0, 0x000001cad84bfb90, 0x000001cad84bec60, 0x000001cad84c0ac0,
0x000001cad84c2410, 0x000001cad9a334e0, 0x000001cad9da0c80, 0x000001cad6ce4970,
0x000001cad6ce5390, 0x000001cad6ce3020, 0x000001cad6ce2600, 0x000001cad6ce58a0,
0x000001cad9d9ee20, 0x000001cad9da1190, 0x000001cad9da2ae0, 0x000001cad9da2ff0,
0x000001cad9d9cab0, 0x000001cad9da3500, 0x000001cad9da20c0, 0x000001cad9da3a10,
0x000001cad9da16a0, 0x000001cad9d9e400, 0x000001cad9da25d0, 0x000001cad9d9d4d0,
0x000001cad9d9fd50, 0x000001cad9da4430, 0x000001cad9d9f330, 0x000001cad9da0260,
0x000001cad9d9cfc0, 0x000001cad9d9f840, 0x000001cad9da0770, 0x000001cad9d9def0,
0x000001cad9d9e910, 0x000001cad9a2ded0, 0x000001cad9a31b90, 0x000001cad9a2f310,
0x000001cad9a30240, 0x000001cad9a2e8f0, 0x000001cad9a32fd0, 0x000001cad9a339f0,
0x000001cad9a320a0, 0x000001cad9a325b0, 0x000001cad9a2f820, 0x000001cad9a2fd30,
0x000001cad9a32ac0, 0x000001cad9a35340, 0x000001cad9a34920, 0x000001cad9a35850,
0x000001cad9a33f00, 0x000001cad9a2e3e0, 0x000001cad9a30750, 0x000001cad9a2ee00,
0x000001cad9a30c60, 0x000001cad831e9b0, 0x000001cad831eec0, 0x000001cad831f3d0,
0x000001cad83235a0, 0x000001cad83249e0, 0x000001cad8320810, 0x000001cad8320d20,
0x000001cad83244d0, 0x000001cad8321740, 0x000001cad831fdf0, 0x000001cad8321c50,
0x000001cad8322160, 0x000001cad8323ab0, 0x000001cad8322670, 0x000001cad8322b80
}

Java Threads: ( => current thread )
  0x000001caa0bf9770 JavaThread "main" [_thread_blocked, id=6204, stack(0x00000066fb100000,0x00000066fb200000)]
  0x000001cabcbad9d0 JavaThread "Reference Handler" daemon [_thread_blocked, id=7576, stack(0x00000066fb800000,0x00000066fb900000)]
  0x000001cabcbae560 JavaThread "Finalizer" daemon [_thread_blocked, id=13552, stack(0x00000066fb900000,0x00000066fba00000)]
  0x000001cabcbc2a10 JavaThread "Signal Dispatcher" daemon [_thread_blocked, id=15148, stack(0x00000066fba00000,0x00000066fbb00000)]
  0x000001cabcbc32e0 JavaThread "Attach Listener" daemon [_thread_blocked, id=10188, stack(0x00000066fbb00000,0x00000066fbc00000)]
  0x000001cabcbc3bb0 JavaThread "Service Thread" daemon [_thread_blocked, id=2168, stack(0x00000066fbc00000,0x00000066fbd00000)]
  0x000001cabcbc4480 JavaThread "Monitor Deflation Thread" daemon [_thread_blocked, id=9836, stack(0x00000066fbd00000,0x00000066fbe00000)]
=>0x000001cabcbd0640 JavaThread "C2 CompilerThread0" daemon [_thread_in_native, id=14912, stack(0x00000066fbe00000,0x00000066fbf00000)]
  0x000001cabcbd4370 JavaThread "C1 CompilerThread0" daemon [_thread_blocked, id=6300, stack(0x00000066fbf00000,0x00000066fc000000)]
  0x000001cabcbd4c80 JavaThread "Sweeper thread" daemon [_thread_blocked, id=9728, stack(0x00000066fc000000,0x00000066fc100000)]
  0x000001cabcb99160 JavaThread "Common-Cleaner" daemon [_thread_blocked, id=9960, stack(0x00000066fc100000,0x00000066fc200000)]
  0x000001cad61e63a0 JavaThread "Notification Thread" daemon [_thread_blocked, id=8064, stack(0x00000066fc200000,0x00000066fc300000)]
  0x000001cad7b19730 JavaThread "Daemon health stats" [_thread_blocked, id=13216, stack(0x00000066fc700000,0x00000066fc800000)]
  0x000001cad63a07d0 JavaThread "Incoming local TCP Connector on port 53221" [_thread_in_native, id=12928, stack(0x00000066fc800000,0x00000066fc900000)]
  0x000001cad6bfe780 JavaThread "Daemon periodic checks" [_thread_blocked, id=14472, stack(0x00000066fc900000,0x00000066fca00000)]
  0x000001cad6ce2b10 JavaThread "Cache worker for journal cache (C:\Users\User\.gradle\caches\journal-1)" [_thread_blocked, id=10184, stack(0x00000066fd100000,0x00000066fd200000)]
  0x000001cad6ce3530 JavaThread "File lock request listener" [_thread_in_native, id=14780, stack(0x00000066fd200000,0x00000066fd300000)]
  0x000001cad6ce3a40 JavaThread "Cache worker for file hash cache (C:\Users\User\.gradle\caches\8.14.3\fileHashes)" [_thread_blocked, id=7348, stack(0x00000066fd300000,0x00000066fd400000)]
  0x000001cad84bf680 JavaThread "File watcher server" daemon [_thread_in_native, id=11496, stack(0x00000066fd600000,0x00000066fd700000)]
  0x000001cad84c3340 JavaThread "File watcher consumer" daemon [_thread_blocked, id=6264, stack(0x00000066fd700000,0x00000066fd800000)]
  0x000001cad84c51a0 JavaThread "jar transforms" [_thread_blocked, id=12128, stack(0x00000066fd800000,0x00000066fd900000)]
  0x000001cad84bfb90 JavaThread "jar transforms Thread 2" [_thread_blocked, id=5492, stack(0x00000066fd900000,0x00000066fda00000)]
  0x000001cad84bec60 JavaThread "Cache worker for file content cache (C:\Users\User\.gradle\caches\8.14.3\fileContent)" [_thread_blocked, id=13732, stack(0x00000066fdb00000,0x00000066fdc00000)]
  0x000001cad84c0ac0 JavaThread "jar transforms Thread 3" [_thread_blocked, id=12008, stack(0x00000066fdc00000,0x00000066fdd00000)]
  0x000001cad84c2410 JavaThread "jar transforms Thread 4" [_thread_blocked, id=12652, stack(0x00000066fe600000,0x00000066fe700000)]
  0x000001cad9a334e0 JavaThread "Memory manager" [_thread_blocked, id=8180, stack(0x00000066ff400000,0x00000066ff500000)]
  0x000001cad9da0c80 JavaThread "Cache worker for Java compile cache (C:\Users\User\.gradle\caches\8.14.3\javaCompile)" [_thread_blocked, id=14012, stack(0x0000006681800000,0x0000006681900000)]
  0x000001cad6ce4970 JavaThread "Daemon Thread 2" [_thread_blocked, id=7128, stack(0x0000006680000000,0x0000006680100000)]
  0x000001cad6ce5390 JavaThread "Handler for socket connection from /127.0.0.1:53221 to /127.0.0.1:55056" [_thread_in_native, id=8612, stack(0x0000006680100000,0x0000006680200000)]
  0x000001cad6ce3020 JavaThread "Cancel handler" [_thread_blocked, id=13896, stack(0x0000006680200000,0x0000006680300000)]
  0x000001cad6ce2600 JavaThread "Daemon worker Thread 2" [_thread_blocked, id=14956, stack(0x0000006680300000,0x0000006680400000)]
  0x000001cad6ce58a0 JavaThread "Asynchronous log dispatcher for DefaultDaemonConnection: socket connection from /127.0.0.1:53221 to /127.0.0.1:55056" [_thread_blocked, id=7944, stack(0x0000006680400000,0x0000006680500000)]
  0x000001cad9d9ee20 JavaThread "Stdin handler" [_thread_blocked, id=2216, stack(0x0000006680500000,0x0000006680600000)]
  0x000001cad9da1190 JavaThread "Daemon client event forwarder" [_thread_blocked, id=2772, stack(0x0000006680600000,0x0000006680700000)]
  0x000001cad9da2ae0 JavaThread "Cache worker for file hash cache (D:\Java_Workspace\GraphQl Revision_1\rev5\.gradle\8.14.3\fileHashes)" [_thread_blocked, id=15100, stack(0x0000006680700000,0x0000006680800000)]
  0x000001cad9da2ff0 JavaThread "Cache worker for Build Output Cleanup Cache (D:\Java_Workspace\GraphQl Revision_1\rev5\.gradle\buildOutputCleanup)" [_thread_blocked, id=6268, stack(0x0000006680800000,0x0000006680900000)]
  0x000001cad9d9cab0 JavaThread "Cache worker for checksums cache (D:\Java_Workspace\GraphQl Revision_1\rev5\.gradle\8.14.3\checksums)" [_thread_blocked, id=13880, stack(0x0000006680900000,0x0000006680a00000)]
  0x000001cad9da3500 JavaThread "Cache worker for cache directory md-supplier (C:\Users\User\.gradle\caches\8.14.3\md-supplier)" [_thread_blocked, id=15120, stack(0x0000006680b00000,0x0000006680c00000)]
  0x000001cad9da20c0 JavaThread "Cache worker for cache directory md-rule (C:\Users\User\.gradle\caches\8.14.3\md-rule)" [_thread_blocked, id=15284, stack(0x0000006680c00000,0x0000006680d00000)]
  0x000001cad9da3a10 JavaThread "Unconstrained build operations" [_thread_blocked, id=14708, stack(0x0000006680d00000,0x0000006680e00000)]
  0x000001cad9da16a0 JavaThread "Unconstrained build operations Thread 2" [_thread_blocked, id=7964, stack(0x0000006680e00000,0x0000006680f00000)]
  0x000001cad9d9e400 JavaThread "Unconstrained build operations Thread 3" [_thread_blocked, id=15044, stack(0x0000006680f00000,0x0000006681000000)]
  0x000001cad9da25d0 JavaThread "Unconstrained build operations Thread 4" [_thread_blocked, id=2456, stack(0x0000006681000000,0x0000006681100000)]
  0x000001cad9d9d4d0 JavaThread "Unconstrained build operations Thread 5" [_thread_blocked, id=14672, stack(0x0000006681100000,0x0000006681200000)]
  0x000001cad9d9fd50 JavaThread "Unconstrained build operations Thread 6" [_thread_blocked, id=7528, stack(0x0000006681200000,0x0000006681300000)]
  0x000001cad9da4430 JavaThread "Unconstrained build operations Thread 7" [_thread_blocked, id=14244, stack(0x0000006681300000,0x0000006681400000)]
  0x000001cad9d9f330 JavaThread "Unconstrained build operations Thread 8" [_thread_blocked, id=9176, stack(0x0000006681400000,0x0000006681500000)]
  0x000001cad9da0260 JavaThread "Unconstrained build operations Thread 9" [_thread_blocked, id=3536, stack(0x0000006681500000,0x0000006681600000)]
  0x000001cad9d9cfc0 JavaThread "Unconstrained build operations Thread 10" [_thread_blocked, id=1624, stack(0x0000006681600000,0x0000006681700000)]
  0x000001cad9d9f840 JavaThread "Unconstrained build operations Thread 11" [_thread_blocked, id=15052, stack(0x0000006681700000,0x0000006681800000)]
  0x000001cad9da0770 JavaThread "Unconstrained build operations Thread 12" [_thread_blocked, id=14208, stack(0x0000006681900000,0x0000006681a00000)]
  0x000001cad9d9def0 JavaThread "Problems report writer" [_thread_blocked, id=2236, stack(0x0000006681a00000,0x0000006681b00000)]
  0x000001cad9d9e910 JavaThread "Unconstrained build operations Thread 13" [_thread_blocked, id=3116, stack(0x0000006681b00000,0x0000006681c00000)]
  0x000001cad9a2ded0 JavaThread "Unconstrained build operations Thread 14" [_thread_blocked, id=4948, stack(0x0000006681c00000,0x0000006681d00000)]
  0x000001cad9a31b90 JavaThread "Unconstrained build operations Thread 15" [_thread_blocked, id=4952, stack(0x0000006681d00000,0x0000006681e00000)]
  0x000001cad9a2f310 JavaThread "Unconstrained build operations Thread 16" [_thread_blocked, id=13156, stack(0x0000006681e00000,0x0000006681f00000)]
  0x000001cad9a30240 JavaThread "Unconstrained build operations Thread 17" [_thread_blocked, id=15260, stack(0x0000006681f00000,0x0000006682000000)]
  0x000001cad9a2e8f0 JavaThread "Unconstrained build operations Thread 18" [_thread_blocked, id=10544, stack(0x0000006682000000,0x0000006682100000)]
  0x000001cad9a32fd0 JavaThread "Unconstrained build operations Thread 19" [_thread_blocked, id=1612, stack(0x0000006682100000,0x0000006682200000)]
  0x000001cad9a339f0 JavaThread "Unconstrained build operations Thread 20" [_thread_blocked, id=9328, stack(0x0000006682200000,0x0000006682300000)]
  0x000001cad9a320a0 JavaThread "Unconstrained build operations Thread 21" [_thread_blocked, id=8800, stack(0x0000006682300000,0x0000006682400000)]
  0x000001cad9a325b0 JavaThread "Unconstrained build operations Thread 22" [_thread_blocked, id=11468, stack(0x0000006682400000,0x0000006682500000)]
  0x000001cad9a2f820 JavaThread "Unconstrained build operations Thread 23" [_thread_blocked, id=4192, stack(0x0000006682500000,0x0000006682600000)]
  0x000001cad9a2fd30 JavaThread "Unconstrained build operations Thread 24" [_thread_blocked, id=544, stack(0x0000006682600000,0x0000006682700000)]
  0x000001cad9a32ac0 JavaThread "Unconstrained build operations Thread 25" [_thread_blocked, id=12124, stack(0x0000006682700000,0x0000006682800000)]
  0x000001cad9a35340 JavaThread "Unconstrained build operations Thread 26" [_thread_blocked, id=1096, stack(0x0000006682800000,0x0000006682900000)]
  0x000001cad9a34920 JavaThread "Unconstrained build operations Thread 27" [_thread_blocked, id=11040, stack(0x0000006682900000,0x0000006682a00000)]
  0x000001cad9a35850 JavaThread "Unconstrained build operations Thread 28" [_thread_blocked, id=1152, stack(0x0000006682a00000,0x0000006682b00000)]
  0x000001cad9a33f00 JavaThread "Unconstrained build operations Thread 29" [_thread_blocked, id=9400, stack(0x0000006682b00000,0x0000006682c00000)]
  0x000001cad9a2e3e0 JavaThread "Unconstrained build operations Thread 30" [_thread_blocked, id=7264, stack(0x0000006682c00000,0x0000006682d00000)]
  0x000001cad9a30750 JavaThread "Unconstrained build operations Thread 31" [_thread_blocked, id=3428, stack(0x0000006682d00000,0x0000006682e00000)]
  0x000001cad9a2ee00 JavaThread "Unconstrained build operations Thread 32" [_thread_blocked, id=8456, stack(0x0000006682e00000,0x0000006682f00000)]
  0x000001cad9a30c60 JavaThread "Unconstrained build operations Thread 33" [_thread_blocked, id=14712, stack(0x0000006682f00000,0x0000006683000000)]
  0x000001cad831e9b0 JavaThread "Unconstrained build operations Thread 34" [_thread_blocked, id=7012, stack(0x0000006683000000,0x0000006683100000)]
  0x000001cad831eec0 JavaThread "Unconstrained build operations Thread 35" [_thread_blocked, id=14192, stack(0x0000006683100000,0x0000006683200000)]
  0x000001cad831f3d0 JavaThread "Unconstrained build operations Thread 36" [_thread_blocked, id=8080, stack(0x0000006683200000,0x0000006683300000)]
  0x000001cad83235a0 JavaThread "Unconstrained build operations Thread 37" [_thread_blocked, id=1236, stack(0x0000006683300000,0x0000006683400000)]
  0x000001cad83249e0 JavaThread "Unconstrained build operations Thread 38" [_thread_blocked, id=9048, stack(0x0000006683400000,0x0000006683500000)]
  0x000001cad8320810 JavaThread "Unconstrained build operations Thread 39" [_thread_blocked, id=8740, stack(0x0000006683500000,0x0000006683600000)]
  0x000001cad8320d20 JavaThread "Unconstrained build operations Thread 40" [_thread_blocked, id=14656, stack(0x0000006683600000,0x0000006683700000)]
  0x000001cad83244d0 JavaThread "ForkJoinPool.commonPool-worker-5" daemon [_thread_blocked, id=10428, stack(0x0000006683700000,0x0000006683800000)]
  0x000001cad8321740 JavaThread "ForkJoinPool.commonPool-worker-6" daemon [_thread_blocked, id=15064, stack(0x0000006683800000,0x0000006683900000)]
  0x000001cad831fdf0 JavaThread "ForkJoinPool.commonPool-worker-7" daemon [_thread_blocked, id=11304, stack(0x0000006683900000,0x0000006683a00000)]
  0x000001cad8321c50 JavaThread "included builds" [_thread_blocked, id=8268, stack(0x0000006683a00000,0x0000006683b00000)]
  0x000001cad8322160 JavaThread "Execution worker" [_thread_in_native, id=2780, stack(0x0000006683b00000,0x0000006683c00000)]
  0x000001cad8323ab0 JavaThread "Execution worker Thread 2" [_thread_blocked, id=14440, stack(0x0000006683c00000,0x0000006683d00000)]
  0x000001cad8322670 JavaThread "Execution worker Thread 3" [_thread_blocked, id=4660, stack(0x0000006683d00000,0x0000006683e00000)]
  0x000001cad8322b80 JavaThread "Cache worker for execution history cache (D:\Java_Workspace\GraphQl Revision_1\rev5\.gradle\8.14.3\executionHistory)" [_thread_blocked, id=13568, stack(0x0000006683e00000,0x0000006683f00000)]

Other Threads:
  0x000001cabcba72f0 VMThread "VM Thread" [stack: 0x00000066fb700000,0x00000066fb800000] [id=3328]
  0x000001cad618c2b0 WatcherThread [stack: 0x00000066fc300000,0x00000066fc400000] [id=10540]
  0x000001caa0c26940 GCTaskThread "GC Thread#0" [stack: 0x00000066fb200000,0x00000066fb300000] [id=11356]
  0x000001cad62ab2d0 GCTaskThread "GC Thread#1" [stack: 0x00000066fc400000,0x00000066fc500000] [id=14164]
  0x000001cad62ab590 GCTaskThread "GC Thread#2" [stack: 0x00000066fc500000,0x00000066fc600000] [id=2940]
  0x000001cad62ab850 GCTaskThread "GC Thread#3" [stack: 0x00000066fc600000,0x00000066fc700000] [id=15332]
  0x000001caa0c2b6a0 ConcurrentGCThread "G1 Main Marker" [stack: 0x00000066fb300000,0x00000066fb400000] [id=2064]
  0x000001caa0c2c660 ConcurrentGCThread "G1 Conc#0" [stack: 0x00000066fb400000,0x00000066fb500000] [id=4892]
  0x000001cabca720c0 ConcurrentGCThread "G1 Refine#0" [stack: 0x00000066fb500000,0x00000066fb600000] [id=10884]
  0x000001cad867d510 ConcurrentGCThread "G1 Refine#1" [stack: 0x00000066fdf00000,0x00000066fe000000] [id=1348]
  0x000001cad896e7f0 ConcurrentGCThread "G1 Refine#2" [stack: 0x00000066ff600000,0x00000066ff700000] [id=5572]
  0x000001cabca72900 ConcurrentGCThread "G1 Service" [stack: 0x00000066fb600000,0x00000066fb700000] [id=4872]

Threads with active compile tasks:
C2 CompilerThread0  1686283 21037       4       com.squareup.javapoet.ClassName::emit (167 bytes)

VM state: not at safepoint (normal execution)

VM Mutex/Monitor currently owned by a thread: None

Heap address: 0x00000000e0000000, size: 512 MB, Compressed Oops mode: 32-bit

CDS archive(s) mapped at: [0x000001cabd000000-0x000001cabdbd0000-0x000001cabdbd0000), size 12386304, SharedBaseAddress: 0x000001cabd000000, ArchiveRelocationMode: 1.
Compressed class space mapped at: 0x000001cabe000000-0x000001cad2000000, reserved size: 335544320
Narrow klass base: 0x000001cabd000000, Narrow klass shift: 0, Narrow klass range: 0x100000000

GC Precious Log:
 CPUs: 4 total, 4 available
 Memory: 3989M
 Large Page Support: Disabled
 NUMA Support: Disabled
 Compressed Oops: Enabled (32-bit)
 Heap Region Size: 1M
 Heap Min Capacity: 256M
 Heap Initial Capacity: 256M
 Heap Max Capacity: 512M
 Pre-touch: Disabled
 Parallel Workers: 4
 Concurrent Workers: 1
 Concurrent Refinement Workers: 4
 Periodic GC: Disabled

Heap:
 garbage-first heap   total 262144K, used 163150K [0x00000000e0000000, 0x0000000100000000)
  region size 1024K, 69 young (70656K), 4 survivors (4096K)
 Metaspace       used 91735K, committed 92544K, reserved 458752K
  class space    used 12110K, committed 12480K, reserved 327680K

Heap Regions: E=young(eden), S=young(survivor), O=old, HS=humongous(starts), HC=humongous(continues), CS=collection set, F=free, OA=open archive, CA=closed archive, TAMS=top-at-mark-start (previous, next)
|   0|0x00000000e0000000, 0x00000000e0100000, 0x00000000e0100000|100%|HS|  |TAMS 0x00000000e0100000, 0x00000000e0000000| Complete 
|   1|0x00000000e0100000, 0x00000000e0200000, 0x00000000e0200000|100%|HC|  |TAMS 0x00000000e0200000, 0x00000000e0100000| Complete 
|   2|0x00000000e0200000, 0x00000000e0300000, 0x00000000e0300000|100%|HC|  |TAMS 0x00000000e0300000, 0x00000000e0200000| Complete 
|   3|0x00000000e0300000, 0x00000000e0400000, 0x00000000e0400000|100%| O|  |TAMS 0x00000000e0300000, 0x00000000e0300000| Untracked 
|   4|0x00000000e0400000, 0x00000000e0500000, 0x00000000e0500000|100%| O|  |TAMS 0x00000000e0500000, 0x00000000e0400000| Untracked 
|   5|0x00000000e0500000, 0x00000000e0600000, 0x00000000e0600000|100%| O|  |TAMS 0x00000000e0600000, 0x00000000e0500000| Untracked 
|   6|0x00000000e0600000, 0x00000000e0700000, 0x00000000e0700000|100%| O|  |TAMS 0x00000000e0700000, 0x00000000e0600000| Untracked 
|   7|0x00000000e0700000, 0x00000000e0800000, 0x00000000e0800000|100%|HS|  |TAMS 0x00000000e0800000, 0x00000000e0700000| Complete 
|   8|0x00000000e0800000, 0x00000000e0900000, 0x00000000e0900000|100%| O|  |TAMS 0x00000000e0900000, 0x00000000e0800000| Untracked 
|   9|0x00000000e0900000, 0x00000000e0a00000, 0x00000000e0a00000|100%| O|  |TAMS 0x00000000e0a00000, 0x00000000e0900000| Untracked 
|  10|0x00000000e0a00000, 0x00000000e0b00000, 0x00000000e0b00000|100%| O|  |TAMS 0x00000000e0b00000, 0x00000000e0a00000| Untracked 
|  11|0x00000000e0b00000, 0x00000000e0c00000, 0x00000000e0c00000|100%| O|  |TAMS 0x00000000e0c00000, 0x00000000e0b00000| Untracked 
|  12|0x00000000e0c00000, 0x00000000e0d00000, 0x00000000e0d00000|100%| O|  |TAMS 0x00000000e0d00000, 0x00000000e0c00000| Untracked 
|  13|0x00000000e0d00000, 0x00000000e0e00000, 0x00000000e0e00000|100%| O|  |TAMS 0x00000000e0e00000, 0x00000000e0d00000| Untracked 
|  14|0x00000000e0e00000, 0x00000000e0f00000, 0x00000000e0f00000|100%| O|  |TAMS 0x00000000e0f00000, 0x00000000e0e00000| Untracked 
|  15|0x00000000e0f00000, 0x00000000e1000000, 0x00000000e1000000|100%| O|  |TAMS 0x00000000e1000000, 0x00000000e0f00000| Untracked 
|  16|0x00000000e1000000, 0x00000000e1100000, 0x00000000e1100000|100%| O|  |TAMS 0x00000000e1100000, 0x00000000e1000000| Untracked 
|  17|0x00000000e1100000, 0x00000000e1200000, 0x00000000e1200000|100%| O|  |TAMS 0x00000000e1200000, 0x00000000e1100000| Untracked 
|  18|0x00000000e1200000, 0x00000000e1300000, 0x00000000e1300000|100%| O|  |TAMS 0x00000000e1300000, 0x00000000e1200000| Untracked 
|  19|0x00000000e1300000, 0x00000000e1400000, 0x00000000e1400000|100%| O|  |TAMS 0x00000000e1400000, 0x00000000e1300000| Untracked 
|  20|0x00000000e1400000, 0x00000000e1500000, 0x00000000e1500000|100%| O|  |TAMS 0x00000000e1500000, 0x00000000e1400000| Untracked 
|  21|0x00000000e1500000, 0x00000000e1600000, 0x00000000e1600000|100%| O|  |TAMS 0x00000000e1600000, 0x00000000e1500000| Untracked 
|  22|0x00000000e1600000, 0x00000000e1700000, 0x00000000e1700000|100%| O|  |TAMS 0x00000000e1700000, 0x00000000e1600000| Untracked 
|  23|0x00000000e1700000, 0x00000000e1800000, 0x00000000e1800000|100%| O|  |TAMS 0x00000000e1800000, 0x00000000e1700000| Untracked 
|  24|0x00000000e1800000, 0x00000000e1900000, 0x00000000e1900000|100%| O|  |TAMS 0x00000000e1900000, 0x00000000e1800000| Untracked 
|  25|0x00000000e1900000, 0x00000000e1a00000, 0x00000000e1a00000|100%| O|  |TAMS 0x00000000e1a00000, 0x00000000e1900000| Untracked 
|  26|0x00000000e1a00000, 0x00000000e1b00000, 0x00000000e1b00000|100%| O|  |TAMS 0x00000000e1b00000, 0x00000000e1a00000| Untracked 
|  27|0x00000000e1b00000, 0x00000000e1c00000, 0x00000000e1c00000|100%| O|  |TAMS 0x00000000e1c00000, 0x00000000e1b00000| Untracked 
|  28|0x00000000e1c00000, 0x00000000e1d00000, 0x00000000e1d00000|100%| O|  |TAMS 0x00000000e1d00000, 0x00000000e1c00000| Untracked 
|  29|0x00000000e1d00000, 0x00000000e1e00000, 0x00000000e1e00000|100%| O|  |TAMS 0x00000000e1e00000, 0x00000000e1d00000| Untracked 
|  30|0x00000000e1e00000, 0x00000000e1f00000, 0x00000000e1f00000|100%| O|  |TAMS 0x00000000e1f00000, 0x00000000e1e00000| Untracked 
|  31|0x00000000e1f00000, 0x00000000e2000000, 0x00000000e2000000|100%| O|  |TAMS 0x00000000e1f50600, 0x00000000e1f00000| Untracked 
|  32|0x00000000e2000000, 0x00000000e2100000, 0x00000000e2100000|100%| O|  |TAMS 0x00000000e2000000, 0x00000000e2000000| Untracked 
|  33|0x00000000e2100000, 0x00000000e2200000, 0x00000000e2200000|100%| O|  |TAMS 0x00000000e2100000, 0x00000000e2100000| Untracked 
|  34|0x00000000e2200000, 0x00000000e2300000, 0x00000000e2300000|100%| O|  |TAMS 0x00000000e2200000, 0x00000000e2200000| Untracked 
|  35|0x00000000e2300000, 0x00000000e2400000, 0x00000000e2400000|100%| O|  |TAMS 0x00000000e2300000, 0x00000000e2300000| Untracked 
|  36|0x00000000e2400000, 0x00000000e2500000, 0x00000000e2500000|100%| O|  |TAMS 0x00000000e2400000, 0x00000000e2400000| Untracked 
|  37|0x00000000e2500000, 0x00000000e2600000, 0x00000000e2600000|100%| O|  |TAMS 0x00000000e2500000, 0x00000000e2500000| Untracked 
|  38|0x00000000e2600000, 0x00000000e2700000, 0x00000000e2700000|100%| O|  |TAMS 0x00000000e2600000, 0x00000000e2600000| Untracked 
|  39|0x00000000e2700000, 0x00000000e2800000, 0x00000000e2800000|100%| O|  |TAMS 0x00000000e2700000, 0x00000000e2700000| Untracked 
|  40|0x00000000e2800000, 0x00000000e2900000, 0x00000000e2900000|100%| O|  |TAMS 0x00000000e2800000, 0x00000000e2800000| Untracked 
|  41|0x00000000e2900000, 0x00000000e2a00000, 0x00000000e2a00000|100%| O|  |TAMS 0x00000000e2900000, 0x00000000e2900000| Untracked 
|  42|0x00000000e2a00000, 0x00000000e2b00000, 0x00000000e2b00000|100%| O|  |TAMS 0x00000000e2a00000, 0x00000000e2a00000| Untracked 
|  43|0x00000000e2b00000, 0x00000000e2c00000, 0x00000000e2c00000|100%| O|  |TAMS 0x00000000e2b00000, 0x00000000e2b00000| Untracked 
|  44|0x00000000e2c00000, 0x00000000e2d00000, 0x00000000e2d00000|100%| O|  |TAMS 0x00000000e2c00000, 0x00000000e2c00000| Untracked 
|  45|0x00000000e2d00000, 0x00000000e2e00000, 0x00000000e2e00000|100%| O|  |TAMS 0x00000000e2d00000, 0x00000000e2d00000| Untracked 
|  46|0x00000000e2e00000, 0x00000000e2f00000, 0x00000000e2f00000|100%| O|  |TAMS 0x00000000e2e00000, 0x00000000e2e00000| Untracked 
|  47|0x00000000e2f00000, 0x00000000e3000000, 0x00000000e3000000|100%| O|  |TAMS 0x00000000e2f00000, 0x00000000e2f00000| Untracked 
|  48|0x00000000e3000000, 0x00000000e3100000, 0x00000000e3100000|100%| O|  |TAMS 0x00000000e3000000, 0x00000000e3000000| Untracked 
|  49|0x00000000e3100000, 0x00000000e3200000, 0x00000000e3200000|100%| O|  |TAMS 0x00000000e3100000, 0x00000000e3100000| Untracked 
|  50|0x00000000e3200000, 0x00000000e3300000, 0x00000000e3300000|100%| O|  |TAMS 0x00000000e3200000, 0x00000000e3200000| Untracked 
|  51|0x00000000e3300000, 0x00000000e3400000, 0x00000000e3400000|100%| O|  |TAMS 0x00000000e3300000, 0x00000000e3300000| Untracked 
|  52|0x00000000e3400000, 0x00000000e3500000, 0x00000000e3500000|100%| O|  |TAMS 0x00000000e3400000, 0x00000000e3400000| Untracked 
|  53|0x00000000e3500000, 0x00000000e3600000, 0x00000000e3600000|100%| O|  |TAMS 0x00000000e3500000, 0x00000000e3500000| Untracked 
|  54|0x00000000e3600000, 0x00000000e3700000, 0x00000000e3700000|100%| O|  |TAMS 0x00000000e3600000, 0x00000000e3600000| Untracked 
|  55|0x00000000e3700000, 0x00000000e3800000, 0x00000000e3800000|100%| O|  |TAMS 0x00000000e3700000, 0x00000000e3700000| Untracked 
|  56|0x00000000e3800000, 0x00000000e3900000, 0x00000000e3900000|100%| O|  |TAMS 0x00000000e3800000, 0x00000000e3800000| Untracked 
|  57|0x00000000e3900000, 0x00000000e3a00000, 0x00000000e3a00000|100%| O|  |TAMS 0x00000000e3900000, 0x00000000e3900000| Untracked 
|  58|0x00000000e3a00000, 0x00000000e3b00000, 0x00000000e3b00000|100%| O|  |TAMS 0x00000000e3a00000, 0x00000000e3a00000| Untracked 
|  59|0x00000000e3b00000, 0x00000000e3c00000, 0x00000000e3c00000|100%| O|  |TAMS 0x00000000e3b00000, 0x00000000e3b00000| Untracked 
|  60|0x00000000e3c00000, 0x00000000e3d00000, 0x00000000e3d00000|100%| O|  |TAMS 0x00000000e3c00000, 0x00000000e3c00000| Untracked 
|  61|0x00000000e3d00000, 0x00000000e3e00000, 0x00000000e3e00000|100%| O|  |TAMS 0x00000000e3d00000, 0x00000000e3d00000| Untracked 
|  62|0x00000000e3e00000, 0x00000000e3f00000, 0x00000000e3f00000|100%| O|  |TAMS 0x00000000e3e00000, 0x00000000e3e00000| Untracked 
|  63|0x00000000e3f00000, 0x00000000e4000000, 0x00000000e4000000|100%| O|  |TAMS 0x00000000e3f00000, 0x00000000e3f00000| Untracked 
|  64|0x00000000e4000000, 0x00000000e4100000, 0x00000000e4100000|100%| O|  |TAMS 0x00000000e4000000, 0x00000000e4000000| Untracked 
|  65|0x00000000e4100000, 0x00000000e4200000, 0x00000000e4200000|100%| O|  |TAMS 0x00000000e4100000, 0x00000000e4100000| Untracked 
|  66|0x00000000e4200000, 0x00000000e4300000, 0x00000000e4300000|100%| O|  |TAMS 0x00000000e4200000, 0x00000000e4200000| Untracked 
|  67|0x00000000e4300000, 0x00000000e4400000, 0x00000000e4400000|100%| O|  |TAMS 0x00000000e4300000, 0x00000000e4300000| Untracked 
|  68|0x00000000e4400000, 0x00000000e4500000, 0x00000000e4500000|100%| O|  |TAMS 0x00000000e4400000, 0x00000000e4400000| Untracked 
|  69|0x00000000e4500000, 0x00000000e4600000, 0x00000000e4600000|100%| O|  |TAMS 0x00000000e4500000, 0x00000000e4500000| Untracked 
|  70|0x00000000e4600000, 0x00000000e4700000, 0x00000000e4700000|100%| O|  |TAMS 0x00000000e4600000, 0x00000000e4600000| Untracked 
|  71|0x00000000e4700000, 0x00000000e4800000, 0x00000000e4800000|100%| O|  |TAMS 0x00000000e4700000, 0x00000000e4700000| Untracked 
|  72|0x00000000e4800000, 0x00000000e4900000, 0x00000000e4900000|100%| O|  |TAMS 0x00000000e4800000, 0x00000000e4800000| Untracked 
|  73|0x00000000e4900000, 0x00000000e4a00000, 0x00000000e4a00000|100%| O|  |TAMS 0x00000000e4900000, 0x00000000e4900000| Untracked 
|  74|0x00000000e4a00000, 0x00000000e4b00000, 0x00000000e4b00000|100%| O|  |TAMS 0x00000000e4a00000, 0x00000000e4a00000| Untracked 
|  75|0x00000000e4b00000, 0x00000000e4c00000, 0x00000000e4c00000|100%| O|  |TAMS 0x00000000e4b00000, 0x00000000e4b00000| Untracked 
|  76|0x00000000e4c00000, 0x00000000e4d00000, 0x00000000e4d00000|100%| O|  |TAMS 0x00000000e4c00000, 0x00000000e4c00000| Untracked 
|  77|0x00000000e4d00000, 0x00000000e4e00000, 0x00000000e4e00000|100%| O|  |TAMS 0x00000000e4d00000, 0x00000000e4d00000| Untracked 
|  78|0x00000000e4e00000, 0x00000000e4f00000, 0x00000000e4f00000|100%| O|  |TAMS 0x00000000e4e00000, 0x00000000e4e00000| Untracked 
|  79|0x00000000e4f00000, 0x00000000e5000000, 0x00000000e5000000|100%| O|  |TAMS 0x00000000e4f00000, 0x00000000e4f00000| Untracked 
|  80|0x00000000e5000000, 0x00000000e5100000, 0x00000000e5100000|100%| O|  |TAMS 0x00000000e5000000, 0x00000000e5000000| Untracked 
|  81|0x00000000e5100000, 0x00000000e5200000, 0x00000000e5200000|100%| O|  |TAMS 0x00000000e5100000, 0x00000000e5100000| Untracked 
|  82|0x00000000e5200000, 0x00000000e5300000, 0x00000000e5300000|100%| O|  |TAMS 0x00000000e5200000, 0x00000000e5200000| Untracked 
|  83|0x00000000e5300000, 0x00000000e5400000, 0x00000000e5400000|100%| O|  |TAMS 0x00000000e5300000, 0x00000000e5300000| Untracked 
|  84|0x00000000e5400000, 0x00000000e5500000, 0x00000000e5500000|100%| O|  |TAMS 0x00000000e5400000, 0x00000000e5400000| Untracked 
|  85|0x00000000e5500000, 0x00000000e5600000, 0x00000000e5600000|100%| O|  |TAMS 0x00000000e5500000, 0x00000000e5500000| Untracked 
|  86|0x00000000e5600000, 0x00000000e5700000, 0x00000000e5700000|100%| O|  |TAMS 0x00000000e5600000, 0x00000000e5600000| Untracked 
|  87|0x00000000e5700000, 0x00000000e5800000, 0x00000000e5800000|100%| O|  |TAMS 0x00000000e5700000, 0x00000000e5700000| Untracked 
|  88|0x00000000e5800000, 0x00000000e5900000, 0x00000000e5900000|100%| O|  |TAMS 0x00000000e5800000, 0x00000000e5800000| Untracked 
|  89|0x00000000e5900000, 0x00000000e5a00000, 0x00000000e5a00000|100%| O|  |TAMS 0x00000000e5900000, 0x00000000e5900000| Untracked 
|  90|0x00000000e5a00000, 0x00000000e5b00000, 0x00000000e5b00000|100%| O|  |TAMS 0x00000000e5a00000, 0x00000000e5a00000| Untracked 
|  91|0x00000000e5b00000, 0x00000000e5bd3a00, 0x00000000e5c00000| 82%| O|  |TAMS 0x00000000e5b00000, 0x00000000e5b00000| Untracked 
|  92|0x00000000e5c00000, 0x00000000e5c00000, 0x00000000e5d00000|  0%| F|  |TAMS 0x00000000e5c00000, 0x00000000e5c00000| Untracked 
|  93|0x00000000e5d00000, 0x00000000e5d00000, 0x00000000e5e00000|  0%| F|  |TAMS 0x00000000e5d00000, 0x00000000e5d00000| Untracked 
|  94|0x00000000e5e00000, 0x00000000e5e00000, 0x00000000e5f00000|  0%| F|  |TAMS 0x00000000e5e00000, 0x00000000e5e00000| Untracked 
|  95|0x00000000e5f00000, 0x00000000e5f00000, 0x00000000e6000000|  0%| F|  |TAMS 0x00000000e5f00000, 0x00000000e5f00000| Untracked 
|  96|0x00000000e6000000, 0x00000000e6000000, 0x00000000e6100000|  0%| F|  |TAMS 0x00000000e6000000, 0x00000000e6000000| Untracked 
|  97|0x00000000e6100000, 0x00000000e6100000, 0x00000000e6200000|  0%| F|  |TAMS 0x00000000e6100000, 0x00000000e6100000| Untracked 
|  98|0x00000000e6200000, 0x00000000e6200000, 0x00000000e6300000|  0%| F|  |TAMS 0x00000000e6200000, 0x00000000e6200000| Untracked 
|  99|0x00000000e6300000, 0x00000000e6300000, 0x00000000e6400000|  0%| F|  |TAMS 0x00000000e6300000, 0x00000000e6300000| Untracked 
| 100|0x00000000e6400000, 0x00000000e6400000, 0x00000000e6500000|  0%| F|  |TAMS 0x00000000e6400000, 0x00000000e6400000| Untracked 
| 101|0x00000000e6500000, 0x00000000e6500000, 0x00000000e6600000|  0%| F|  |TAMS 0x00000000e6500000, 0x00000000e6500000| Untracked 
| 102|0x00000000e6600000, 0x00000000e6600000, 0x00000000e6700000|  0%| F|  |TAMS 0x00000000e6600000, 0x00000000e6600000| Untracked 
| 103|0x00000000e6700000, 0x00000000e6700000, 0x00000000e6800000|  0%| F|  |TAMS 0x00000000e6700000, 0x00000000e6700000| Untracked 
| 104|0x00000000e6800000, 0x00000000e6800000, 0x00000000e6900000|  0%| F|  |TAMS 0x00000000e6800000, 0x00000000e6800000| Untracked 
| 105|0x00000000e6900000, 0x00000000e6900000, 0x00000000e6a00000|  0%| F|  |TAMS 0x00000000e6900000, 0x00000000e6900000| Untracked 
| 106|0x00000000e6a00000, 0x00000000e6a00000, 0x00000000e6b00000|  0%| F|  |TAMS 0x00000000e6a00000, 0x00000000e6a00000| Untracked 
| 107|0x00000000e6b00000, 0x00000000e6b00000, 0x00000000e6c00000|  0%| F|  |TAMS 0x00000000e6b00000, 0x00000000e6b00000| Untracked 
| 108|0x00000000e6c00000, 0x00000000e6c00000, 0x00000000e6d00000|  0%| F|  |TAMS 0x00000000e6c00000, 0x00000000e6c00000| Untracked 
| 109|0x00000000e6d00000, 0x00000000e6d00000, 0x00000000e6e00000|  0%| F|  |TAMS 0x00000000e6d00000, 0x00000000e6d00000| Untracked 
| 110|0x00000000e6e00000, 0x00000000e6e00000, 0x00000000e6f00000|  0%| F|  |TAMS 0x00000000e6e00000, 0x00000000e6e00000| Untracked 
| 111|0x00000000e6f00000, 0x00000000e6f00000, 0x00000000e7000000|  0%| F|  |TAMS 0x00000000e6f00000, 0x00000000e6f00000| Untracked 
| 112|0x00000000e7000000, 0x00000000e7000000, 0x00000000e7100000|  0%| F|  |TAMS 0x00000000e7000000, 0x00000000e7000000| Untracked 
| 113|0x00000000e7100000, 0x00000000e7100000, 0x00000000e7200000|  0%| F|  |TAMS 0x00000000e7100000, 0x00000000e7100000| Untracked 
| 114|0x00000000e7200000, 0x00000000e7200000, 0x00000000e7300000|  0%| F|  |TAMS 0x00000000e7200000, 0x00000000e7200000| Untracked 
| 115|0x00000000e7300000, 0x00000000e7300000, 0x00000000e7400000|  0%| F|  |TAMS 0x00000000e7300000, 0x00000000e7300000| Untracked 
| 116|0x00000000e7400000, 0x00000000e7400000, 0x00000000e7500000|  0%| F|  |TAMS 0x00000000e7400000, 0x00000000e7400000| Untracked 
| 117|0x00000000e7500000, 0x00000000e7500000, 0x00000000e7600000|  0%| F|  |TAMS 0x00000000e7500000, 0x00000000e7500000| Untracked 
| 118|0x00000000e7600000, 0x00000000e7600000, 0x00000000e7700000|  0%| F|  |TAMS 0x00000000e7600000, 0x00000000e7600000| Untracked 
| 119|0x00000000e7700000, 0x00000000e7700000, 0x00000000e7800000|  0%| F|  |TAMS 0x00000000e7700000, 0x00000000e7700000| Untracked 
| 120|0x00000000e7800000, 0x00000000e7800000, 0x00000000e7900000|  0%| F|  |TAMS 0x00000000e7800000, 0x00000000e7800000| Untracked 
| 121|0x00000000e7900000, 0x00000000e7900000, 0x00000000e7a00000|  0%| F|  |TAMS 0x00000000e7900000, 0x00000000e7900000| Untracked 
| 122|0x00000000e7a00000, 0x00000000e7a00000, 0x00000000e7b00000|  0%| F|  |TAMS 0x00000000e7a00000, 0x00000000e7a00000| Untracked 
| 123|0x00000000e7b00000, 0x00000000e7b00000, 0x00000000e7c00000|  0%| F|  |TAMS 0x00000000e7b00000, 0x00000000e7b00000| Untracked 
| 124|0x00000000e7c00000, 0x00000000e7c00000, 0x00000000e7d00000|  0%| F|  |TAMS 0x00000000e7c00000, 0x00000000e7c00000| Untracked 
| 125|0x00000000e7d00000, 0x00000000e7d00000, 0x00000000e7e00000|  0%| F|  |TAMS 0x00000000e7d00000, 0x00000000e7d00000| Untracked 
| 126|0x00000000e7e00000, 0x00000000e7e00000, 0x00000000e7f00000|  0%| F|  |TAMS 0x00000000e7e00000, 0x00000000e7e00000| Untracked 
| 127|0x00000000e7f00000, 0x00000000e7f00000, 0x00000000e8000000|  0%| F|  |TAMS 0x00000000e7f00000, 0x00000000e7f00000| Untracked 
| 128|0x00000000e8000000, 0x00000000e8000000, 0x00000000e8100000|  0%| F|  |TAMS 0x00000000e8000000, 0x00000000e8000000| Untracked 
| 129|0x00000000e8100000, 0x00000000e8100000, 0x00000000e8200000|  0%| F|  |TAMS 0x00000000e8100000, 0x00000000e8100000| Untracked 
| 130|0x00000000e8200000, 0x00000000e8200000, 0x00000000e8300000|  0%| F|  |TAMS 0x00000000e8200000, 0x00000000e8200000| Untracked 
| 131|0x00000000e8300000, 0x00000000e8300000, 0x00000000e8400000|  0%| F|  |TAMS 0x00000000e8300000, 0x00000000e8300000| Untracked 
| 132|0x00000000e8400000, 0x00000000e8400000, 0x00000000e8500000|  0%| F|  |TAMS 0x00000000e8400000, 0x00000000e8400000| Untracked 
| 133|0x00000000e8500000, 0x00000000e8500000, 0x00000000e8600000|  0%| F|  |TAMS 0x00000000e8500000, 0x00000000e8500000| Untracked 
| 134|0x00000000e8600000, 0x00000000e8600000, 0x00000000e8700000|  0%| F|  |TAMS 0x00000000e8600000, 0x00000000e8600000| Untracked 
| 135|0x00000000e8700000, 0x00000000e8700000, 0x00000000e8800000|  0%| F|  |TAMS 0x00000000e8700000, 0x00000000e8700000| Untracked 
| 136|0x00000000e8800000, 0x00000000e8800000, 0x00000000e8900000|  0%| F|  |TAMS 0x00000000e8800000, 0x00000000e8800000| Untracked 
| 137|0x00000000e8900000, 0x00000000e8900000, 0x00000000e8a00000|  0%| F|  |TAMS 0x00000000e8900000, 0x00000000e8900000| Untracked 
| 138|0x00000000e8a00000, 0x00000000e8a00000, 0x00000000e8b00000|  0%| F|  |TAMS 0x00000000e8a00000, 0x00000000e8a00000| Untracked 
| 139|0x00000000e8b00000, 0x00000000e8b00000, 0x00000000e8c00000|  0%| F|  |TAMS 0x00000000e8b00000, 0x00000000e8b00000| Untracked 
| 140|0x00000000e8c00000, 0x00000000e8c00000, 0x00000000e8d00000|  0%| F|  |TAMS 0x00000000e8c00000, 0x00000000e8c00000| Untracked 
| 141|0x00000000e8d00000, 0x00000000e8d80000, 0x00000000e8e00000| 50%| S|CS|TAMS 0x00000000e8d00000, 0x00000000e8d00000| Complete 
| 142|0x00000000e8e00000, 0x00000000e8f00000, 0x00000000e8f00000|100%| S|CS|TAMS 0x00000000e8e00000, 0x00000000e8e00000| Complete 
| 143|0x00000000e8f00000, 0x00000000e9000000, 0x00000000e9000000|100%| S|CS|TAMS 0x00000000e8f00000, 0x00000000e8f00000| Complete 
| 144|0x00000000e9000000, 0x00000000e9100000, 0x00000000e9100000|100%| S|CS|TAMS 0x00000000e9000000, 0x00000000e9000000| Complete 
| 145|0x00000000e9100000, 0x00000000e9100000, 0x00000000e9200000|  0%| F|  |TAMS 0x00000000e9100000, 0x00000000e9100000| Untracked 
| 146|0x00000000e9200000, 0x00000000e9200000, 0x00000000e9300000|  0%| F|  |TAMS 0x00000000e9200000, 0x00000000e9200000| Untracked 
| 147|0x00000000e9300000, 0x00000000e9300000, 0x00000000e9400000|  0%| F|  |TAMS 0x00000000e9300000, 0x00000000e9300000| Untracked 
| 148|0x00000000e9400000, 0x00000000e9400000, 0x00000000e9500000|  0%| F|  |TAMS 0x00000000e9400000, 0x00000000e9400000| Untracked 
| 149|0x00000000e9500000, 0x00000000e9500000, 0x00000000e9600000|  0%| F|  |TAMS 0x00000000e9500000, 0x00000000e9500000| Untracked 
| 150|0x00000000e9600000, 0x00000000e9600000, 0x00000000e9700000|  0%| F|  |TAMS 0x00000000e9600000, 0x00000000e9600000| Untracked 
| 151|0x00000000e9700000, 0x00000000e9700000, 0x00000000e9800000|  0%| F|  |TAMS 0x00000000e9700000, 0x00000000e9700000| Untracked 
| 152|0x00000000e9800000, 0x00000000e9800000, 0x00000000e9900000|  0%| F|  |TAMS 0x00000000e9800000, 0x00000000e9800000| Untracked 
| 153|0x00000000e9900000, 0x00000000e9900000, 0x00000000e9a00000|  0%| F|  |TAMS 0x00000000e9900000, 0x00000000e9900000| Untracked 
| 154|0x00000000e9a00000, 0x00000000e9a00000, 0x00000000e9b00000|  0%| F|  |TAMS 0x00000000e9a00000, 0x00000000e9a00000| Untracked 
| 155|0x00000000e9b00000, 0x00000000e9b00000, 0x00000000e9c00000|  0%| F|  |TAMS 0x00000000e9b00000, 0x00000000e9b00000| Untracked 
| 156|0x00000000e9c00000, 0x00000000e9c00000, 0x00000000e9d00000|  0%| F|  |TAMS 0x00000000e9c00000, 0x00000000e9c00000| Untracked 
| 157|0x00000000e9d00000, 0x00000000e9d00000, 0x00000000e9e00000|  0%| F|  |TAMS 0x00000000e9d00000, 0x00000000e9d00000| Untracked 
| 158|0x00000000e9e00000, 0x00000000e9e00000, 0x00000000e9f00000|  0%| F|  |TAMS 0x00000000e9e00000, 0x00000000e9e00000| Untracked 
| 159|0x00000000e9f00000, 0x00000000e9f00000, 0x00000000ea000000|  0%| F|  |TAMS 0x00000000e9f00000, 0x00000000e9f00000| Untracked 
| 160|0x00000000ea000000, 0x00000000ea000000, 0x00000000ea100000|  0%| F|  |TAMS 0x00000000ea000000, 0x00000000ea000000| Untracked 
| 161|0x00000000ea100000, 0x00000000ea100000, 0x00000000ea200000|  0%| F|  |TAMS 0x00000000ea100000, 0x00000000ea100000| Untracked 
| 162|0x00000000ea200000, 0x00000000ea200000, 0x00000000ea300000|  0%| F|  |TAMS 0x00000000ea200000, 0x00000000ea200000| Untracked 
| 163|0x00000000ea300000, 0x00000000ea300000, 0x00000000ea400000|  0%| F|  |TAMS 0x00000000ea300000, 0x00000000ea300000| Untracked 
| 164|0x00000000ea400000, 0x00000000ea400000, 0x00000000ea500000|  0%| F|  |TAMS 0x00000000ea400000, 0x00000000ea400000| Untracked 
| 165|0x00000000ea500000, 0x00000000ea500000, 0x00000000ea600000|  0%| F|  |TAMS 0x00000000ea500000, 0x00000000ea500000| Untracked 
| 166|0x00000000ea600000, 0x00000000ea600000, 0x00000000ea700000|  0%| F|  |TAMS 0x00000000ea600000, 0x00000000ea600000| Untracked 
| 167|0x00000000ea700000, 0x00000000ea700000, 0x00000000ea800000|  0%| F|  |TAMS 0x00000000ea700000, 0x00000000ea700000| Untracked 
| 168|0x00000000ea800000, 0x00000000ea800000, 0x00000000ea900000|  0%| F|  |TAMS 0x00000000ea800000, 0x00000000ea800000| Untracked 
| 169|0x00000000ea900000, 0x00000000ea900000, 0x00000000eaa00000|  0%| F|  |TAMS 0x00000000ea900000, 0x00000000ea900000| Untracked 
| 170|0x00000000eaa00000, 0x00000000eaa00000, 0x00000000eab00000|  0%| F|  |TAMS 0x00000000eaa00000, 0x00000000eaa00000| Untracked 
| 171|0x00000000eab00000, 0x00000000eab00000, 0x00000000eac00000|  0%| F|  |TAMS 0x00000000eab00000, 0x00000000eab00000| Untracked 
| 172|0x00000000eac00000, 0x00000000eac00000, 0x00000000ead00000|  0%| F|  |TAMS 0x00000000eac00000, 0x00000000eac00000| Untracked 
| 173|0x00000000ead00000, 0x00000000ead00000, 0x00000000eae00000|  0%| F|  |TAMS 0x00000000ead00000, 0x00000000ead00000| Untracked 
| 174|0x00000000eae00000, 0x00000000eae00000, 0x00000000eaf00000|  0%| F|  |TAMS 0x00000000eae00000, 0x00000000eae00000| Untracked 
| 175|0x00000000eaf00000, 0x00000000eaf00000, 0x00000000eb000000|  0%| F|  |TAMS 0x00000000eaf00000, 0x00000000eaf00000| Untracked 
| 176|0x00000000eb000000, 0x00000000eb000000, 0x00000000eb100000|  0%| F|  |TAMS 0x00000000eb000000, 0x00000000eb000000| Untracked 
| 177|0x00000000eb100000, 0x00000000eb100000, 0x00000000eb200000|  0%| F|  |TAMS 0x00000000eb100000, 0x00000000eb100000| Untracked 
| 178|0x00000000eb200000, 0x00000000eb200000, 0x00000000eb300000|  0%| F|  |TAMS 0x00000000eb200000, 0x00000000eb200000| Untracked 
| 179|0x00000000eb300000, 0x00000000eb300000, 0x00000000eb400000|  0%| F|  |TAMS 0x00000000eb300000, 0x00000000eb300000| Untracked 
| 180|0x00000000eb400000, 0x00000000eb400000, 0x00000000eb500000|  0%| F|  |TAMS 0x00000000eb400000, 0x00000000eb400000| Untracked 
| 181|0x00000000eb500000, 0x00000000eb500000, 0x00000000eb600000|  0%| F|  |TAMS 0x00000000eb500000, 0x00000000eb500000| Untracked 
| 182|0x00000000eb600000, 0x00000000eb600000, 0x00000000eb700000|  0%| F|  |TAMS 0x00000000eb600000, 0x00000000eb600000| Untracked 
| 183|0x00000000eb700000, 0x00000000eb700000, 0x00000000eb800000|  0%| F|  |TAMS 0x00000000eb700000, 0x00000000eb700000| Untracked 
| 184|0x00000000eb800000, 0x00000000eb800000, 0x00000000eb900000|  0%| F|  |TAMS 0x00000000eb800000, 0x00000000eb800000| Untracked 
| 185|0x00000000eb900000, 0x00000000eb900000, 0x00000000eba00000|  0%| F|  |TAMS 0x00000000eb900000, 0x00000000eb900000| Untracked 
| 186|0x00000000eba00000, 0x00000000eba00000, 0x00000000ebb00000|  0%| F|  |TAMS 0x00000000eba00000, 0x00000000eba00000| Untracked 
| 187|0x00000000ebb00000, 0x00000000ebb00000, 0x00000000ebc00000|  0%| F|  |TAMS 0x00000000ebb00000, 0x00000000ebb00000| Untracked 
| 188|0x00000000ebc00000, 0x00000000ebc00000, 0x00000000ebd00000|  0%| F|  |TAMS 0x00000000ebc00000, 0x00000000ebc00000| Untracked 
| 189|0x00000000ebd00000, 0x00000000ebd00000, 0x00000000ebe00000|  0%| F|  |TAMS 0x00000000ebd00000, 0x00000000ebd00000| Untracked 
| 190|0x00000000ebe00000, 0x00000000ebe00000, 0x00000000ebf00000|  0%| F|  |TAMS 0x00000000ebe00000, 0x00000000ebe00000| Untracked 
| 191|0x00000000ebf00000, 0x00000000ebf6f028, 0x00000000ec000000| 43%| E|  |TAMS 0x00000000ebf00000, 0x00000000ebf00000| Complete 
| 192|0x00000000ec000000, 0x00000000ec100000, 0x00000000ec100000|100%| E|CS|TAMS 0x00000000ec000000, 0x00000000ec000000| Complete 
| 193|0x00000000ec100000, 0x00000000ec200000, 0x00000000ec200000|100%| E|CS|TAMS 0x00000000ec100000, 0x00000000ec100000| Complete 
| 194|0x00000000ec200000, 0x00000000ec300000, 0x00000000ec300000|100%| E|CS|TAMS 0x00000000ec200000, 0x00000000ec200000| Complete 
| 195|0x00000000ec300000, 0x00000000ec400000, 0x00000000ec400000|100%| E|CS|TAMS 0x00000000ec300000, 0x00000000ec300000| Complete 
| 196|0x00000000ec400000, 0x00000000ec500000, 0x00000000ec500000|100%| E|CS|TAMS 0x00000000ec400000, 0x00000000ec400000| Complete 
| 197|0x00000000ec500000, 0x00000000ec600000, 0x00000000ec600000|100%| E|CS|TAMS 0x00000000ec500000, 0x00000000ec500000| Complete 
| 198|0x00000000ec600000, 0x00000000ec700000, 0x00000000ec700000|100%| E|CS|TAMS 0x00000000ec600000, 0x00000000ec600000| Complete 
| 199|0x00000000ec700000, 0x00000000ec800000, 0x00000000ec800000|100%| E|CS|TAMS 0x00000000ec700000, 0x00000000ec700000| Complete 
| 200|0x00000000ec800000, 0x00000000ec900000, 0x00000000ec900000|100%| E|CS|TAMS 0x00000000ec800000, 0x00000000ec800000| Complete 
| 201|0x00000000ec900000, 0x00000000eca00000, 0x00000000eca00000|100%| E|CS|TAMS 0x00000000ec900000, 0x00000000ec900000| Complete 
| 202|0x00000000eca00000, 0x00000000ecb00000, 0x00000000ecb00000|100%| E|CS|TAMS 0x00000000eca00000, 0x00000000eca00000| Complete 
| 203|0x00000000ecb00000, 0x00000000ecc00000, 0x00000000ecc00000|100%| E|CS|TAMS 0x00000000ecb00000, 0x00000000ecb00000| Complete 
| 204|0x00000000ecc00000, 0x00000000ecd00000, 0x00000000ecd00000|100%| E|CS|TAMS 0x00000000ecc00000, 0x00000000ecc00000| Complete 
| 205|0x00000000ecd00000, 0x00000000ece00000, 0x00000000ece00000|100%| E|CS|TAMS 0x00000000ecd00000, 0x00000000ecd00000| Complete 
| 206|0x00000000ece00000, 0x00000000ecf00000, 0x00000000ecf00000|100%| E|CS|TAMS 0x00000000ece00000, 0x00000000ece00000| Complete 
| 207|0x00000000ecf00000, 0x00000000ed000000, 0x00000000ed000000|100%| E|CS|TAMS 0x00000000ecf00000, 0x00000000ecf00000| Complete 
| 208|0x00000000ed000000, 0x00000000ed100000, 0x00000000ed100000|100%| E|CS|TAMS 0x00000000ed000000, 0x00000000ed000000| Complete 
| 209|0x00000000ed100000, 0x00000000ed200000, 0x00000000ed200000|100%| E|CS|TAMS 0x00000000ed100000, 0x00000000ed100000| Complete 
| 210|0x00000000ed200000, 0x00000000ed300000, 0x00000000ed300000|100%| E|CS|TAMS 0x00000000ed200000, 0x00000000ed200000| Complete 
| 211|0x00000000ed300000, 0x00000000ed400000, 0x00000000ed400000|100%| E|CS|TAMS 0x00000000ed300000, 0x00000000ed300000| Complete 
| 212|0x00000000ed400000, 0x00000000ed500000, 0x00000000ed500000|100%| E|CS|TAMS 0x00000000ed400000, 0x00000000ed400000| Complete 
| 213|0x00000000ed500000, 0x00000000ed600000, 0x00000000ed600000|100%| E|CS|TAMS 0x00000000ed500000, 0x00000000ed500000| Complete 
| 214|0x00000000ed600000, 0x00000000ed700000, 0x00000000ed700000|100%| E|CS|TAMS 0x00000000ed600000, 0x00000000ed600000| Complete 
| 215|0x00000000ed700000, 0x00000000ed800000, 0x00000000ed800000|100%| E|CS|TAMS 0x00000000ed700000, 0x00000000ed700000| Complete 
| 216|0x00000000ed800000, 0x00000000ed900000, 0x00000000ed900000|100%| E|CS|TAMS 0x00000000ed800000, 0x00000000ed800000| Complete 
| 217|0x00000000ed900000, 0x00000000eda00000, 0x00000000eda00000|100%| E|CS|TAMS 0x00000000ed900000, 0x00000000ed900000| Complete 
| 218|0x00000000eda00000, 0x00000000edb00000, 0x00000000edb00000|100%| E|CS|TAMS 0x00000000eda00000, 0x00000000eda00000| Complete 
| 219|0x00000000edb00000, 0x00000000edc00000, 0x00000000edc00000|100%| E|CS|TAMS 0x00000000edb00000, 0x00000000edb00000| Complete 
| 220|0x00000000edc00000, 0x00000000edd00000, 0x00000000edd00000|100%| E|CS|TAMS 0x00000000edc00000, 0x00000000edc00000| Complete 
| 221|0x00000000edd00000, 0x00000000ede00000, 0x00000000ede00000|100%| E|CS|TAMS 0x00000000edd00000, 0x00000000edd00000| Complete 
| 222|0x00000000ede00000, 0x00000000edf00000, 0x00000000edf00000|100%| E|CS|TAMS 0x00000000ede00000, 0x00000000ede00000| Complete 
| 223|0x00000000edf00000, 0x00000000ee000000, 0x00000000ee000000|100%| E|CS|TAMS 0x00000000edf00000, 0x00000000edf00000| Complete 
| 224|0x00000000ee000000, 0x00000000ee100000, 0x00000000ee100000|100%| E|CS|TAMS 0x00000000ee000000, 0x00000000ee000000| Complete 
| 225|0x00000000ee100000, 0x00000000ee200000, 0x00000000ee200000|100%| E|CS|TAMS 0x00000000ee100000, 0x00000000ee100000| Complete 
| 226|0x00000000ee200000, 0x00000000ee300000, 0x00000000ee300000|100%| E|CS|TAMS 0x00000000ee200000, 0x00000000ee200000| Complete 
| 227|0x00000000ee300000, 0x00000000ee400000, 0x00000000ee400000|100%| E|CS|TAMS 0x00000000ee300000, 0x00000000ee300000| Complete 
| 228|0x00000000ee400000, 0x00000000ee500000, 0x00000000ee500000|100%| E|CS|TAMS 0x00000000ee400000, 0x00000000ee400000| Complete 
| 229|0x00000000ee500000, 0x00000000ee600000, 0x00000000ee600000|100%| E|CS|TAMS 0x00000000ee500000, 0x00000000ee500000| Complete 
| 230|0x00000000ee600000, 0x00000000ee700000, 0x00000000ee700000|100%| E|CS|TAMS 0x00000000ee600000, 0x00000000ee600000| Complete 
| 231|0x00000000ee700000, 0x00000000ee800000, 0x00000000ee800000|100%| E|CS|TAMS 0x00000000ee700000, 0x00000000ee700000| Complete 
| 232|0x00000000ee800000, 0x00000000ee900000, 0x00000000ee900000|100%| E|CS|TAMS 0x00000000ee800000, 0x00000000ee800000| Complete 
| 233|0x00000000ee900000, 0x00000000eea00000, 0x00000000eea00000|100%| E|CS|TAMS 0x00000000ee900000, 0x00000000ee900000| Complete 
| 234|0x00000000eea00000, 0x00000000eeb00000, 0x00000000eeb00000|100%| E|CS|TAMS 0x00000000eea00000, 0x00000000eea00000| Complete 
| 235|0x00000000eeb00000, 0x00000000eec00000, 0x00000000eec00000|100%| E|CS|TAMS 0x00000000eeb00000, 0x00000000eeb00000| Complete 
| 236|0x00000000eec00000, 0x00000000eed00000, 0x00000000eed00000|100%| E|CS|TAMS 0x00000000eec00000, 0x00000000eec00000| Complete 
| 237|0x00000000eed00000, 0x00000000eee00000, 0x00000000eee00000|100%| E|CS|TAMS 0x00000000eed00000, 0x00000000eed00000| Complete 
| 238|0x00000000eee00000, 0x00000000eef00000, 0x00000000eef00000|100%| E|CS|TAMS 0x00000000eee00000, 0x00000000eee00000| Complete 
| 239|0x00000000eef00000, 0x00000000ef000000, 0x00000000ef000000|100%| E|CS|TAMS 0x00000000eef00000, 0x00000000eef00000| Complete 
| 240|0x00000000ef000000, 0x00000000ef100000, 0x00000000ef100000|100%| E|CS|TAMS 0x00000000ef000000, 0x00000000ef000000| Complete 
| 241|0x00000000ef100000, 0x00000000ef200000, 0x00000000ef200000|100%| E|CS|TAMS 0x00000000ef100000, 0x00000000ef100000| Complete 
| 242|0x00000000ef200000, 0x00000000ef300000, 0x00000000ef300000|100%| E|CS|TAMS 0x00000000ef200000, 0x00000000ef200000| Complete 
| 243|0x00000000ef300000, 0x00000000ef400000, 0x00000000ef400000|100%| E|CS|TAMS 0x00000000ef300000, 0x00000000ef300000| Complete 
| 244|0x00000000ef400000, 0x00000000ef500000, 0x00000000ef500000|100%| E|CS|TAMS 0x00000000ef400000, 0x00000000ef400000| Complete 
| 245|0x00000000ef500000, 0x00000000ef600000, 0x00000000ef600000|100%| E|CS|TAMS 0x00000000ef500000, 0x00000000ef500000| Complete 
| 246|0x00000000ef600000, 0x00000000ef700000, 0x00000000ef700000|100%| E|CS|TAMS 0x00000000ef600000, 0x00000000ef600000| Complete 
| 247|0x00000000ef700000, 0x00000000ef800000, 0x00000000ef800000|100%| E|CS|TAMS 0x00000000ef700000, 0x00000000ef700000| Complete 
| 248|0x00000000ef800000, 0x00000000ef900000, 0x00000000ef900000|100%| E|CS|TAMS 0x00000000ef800000, 0x00000000ef800000| Complete 
| 249|0x00000000ef900000, 0x00000000efa00000, 0x00000000efa00000|100%| E|CS|TAMS 0x00000000ef900000, 0x00000000ef900000| Complete 
| 250|0x00000000efa00000, 0x00000000efb00000, 0x00000000efb00000|100%| E|CS|TAMS 0x00000000efa00000, 0x00000000efa00000| Complete 
| 251|0x00000000efb00000, 0x00000000efc00000, 0x00000000efc00000|100%| E|CS|TAMS 0x00000000efb00000, 0x00000000efb00000| Complete 
| 252|0x00000000efc00000, 0x00000000efd00000, 0x00000000efd00000|100%| E|CS|TAMS 0x00000000efc00000, 0x00000000efc00000| Complete 
| 253|0x00000000efd00000, 0x00000000efe00000, 0x00000000efe00000|100%| E|CS|TAMS 0x00000000efd00000, 0x00000000efd00000| Complete 
| 254|0x00000000efe00000, 0x00000000eff00000, 0x00000000eff00000|100%| E|CS|TAMS 0x00000000efe00000, 0x00000000efe00000| Complete 
| 255|0x00000000eff00000, 0x00000000f0000000, 0x00000000f0000000|100%| E|CS|TAMS 0x00000000eff00000, 0x00000000eff00000| Complete 

Card table byte_map: [0x000001cab93d0000,0x000001cab94d0000] _byte_map_base: 0x000001cab8cd0000

Marking Bits (Prev, Next): (CMBitMap*) 0x000001caa0c26db0, (CMBitMap*) 0x000001caa0c26d70
 Prev Bits: [0x000001cab9dd0000, 0x000001caba5d0000)
 Next Bits: [0x000001cab95d0000, 0x000001cab9dd0000)

Polling page: 0x000001caa9c70000

Metaspace:

Usage:
  Non-class:     77.76 MB used.
      Class:     11.83 MB used.
       Both:     89.59 MB used.

Virtual space:
  Non-class space:      128.00 MB reserved,      78.19 MB ( 61%) committed,  2 nodes.
      Class space:      320.00 MB reserved,      12.19 MB (  4%) committed,  1 nodes.
             Both:      448.00 MB reserved,      90.38 MB ( 20%) committed. 

Chunk freelists:
   Non-Class:  1.69 MB
       Class:  3.85 MB
        Both:  5.54 MB

MaxMetaspaceSize: 384.00 MB
CompressedClassSpaceSize: 320.00 MB
Initial GC threshold: 21.00 MB
Current GC threshold: 100.00 MB
CDS: on
MetaspaceReclaimPolicy: balanced
 - commit_granule_bytes: 65536.
 - commit_granule_words: 8192.
 - virtual_space_node_default_size: 8388608.
 - enlarge_chunks_in_place: 1.
 - new_chunks_are_fully_committed: 0.
 - uncommit_free_chunks: 1.
 - use_allocation_guard: 0.
 - handle_deallocations: 1.


Internal statistics:

num_allocs_failed_limit: 12.
num_arena_births: 1220.
num_arena_deaths: 0.
num_vsnodes_births: 3.
num_vsnodes_deaths: 0.
num_space_committed: 1446.
num_space_uncommitted: 0.
num_chunks_returned_to_freelist: 12.
num_chunks_taken_from_freelist: 5123.
num_chunk_merges: 12.
num_chunk_splits: 3249.
num_chunks_enlarged: 2007.
num_inconsistent_stats: 0.

CodeHeap 'non-profiled nmethods': size=120000Kb used=9495Kb max_used=9495Kb free=110504Kb
 bounds [0x000001cab1760000, 0x000001cab20b0000, 0x000001cab8c90000]
CodeHeap 'profiled nmethods': size=120000Kb used=30053Kb max_used=30053Kb free=89946Kb
 bounds [0x000001caa9c90000, 0x000001caab9f0000, 0x000001cab11c0000]
CodeHeap 'non-nmethods': size=5760Kb used=2431Kb max_used=2494Kb free=3328Kb
 bounds [0x000001cab11c0000, 0x000001cab1440000, 0x000001cab1760000]
 total_blobs=17438 nmethods=16474 adapters=875
 compilation: enabled
              stopped_count=0, restarted_count=0
 full_count=0

Compilation events (20 events):
Event: 1686.045 Thread 0x000001cabcbd4370 21063       3       org.gradle.api.internal.changedetection.state.CachingFileHasher$FileInfoSerializer::write (33 bytes)
Event: 1686.045 Thread 0x000001cabcbd4370 nmethod 21063 0x000001caaa1a6e90 code [0x000001caaa1a7080, 0x000001caaa1a7648]
Event: 1686.095 Thread 0x000001cabcbd4370 21064       3       org.gradle.internal.file.impl.DefaultFileMetadata::file (15 bytes)
Event: 1686.095 Thread 0x000001cabcbd4370 nmethod 21064 0x000001caaa6b2410 code [0x000001caaa6b25c0, 0x000001caaa6b28b8]
Event: 1686.109 Thread 0x000001cabcbd4370 21065 %     3       org.gradle.internal.snapshot.RelativePathTracker::toRelativePath @ 74 (163 bytes)
Event: 1686.111 Thread 0x000001cabcbd4370 nmethod 21065% 0x000001caab9d0390 code [0x000001caab9d06a0, 0x000001caab9d19f8]
Event: 1686.111 Thread 0x000001cabcbd4370 21066       3       org.gradle.internal.snapshot.RegularFileSnapshot::accept (8 bytes)
Event: 1686.111 Thread 0x000001cabcbd4370 nmethod 21066 0x000001caaada9190 code [0x000001caaada9340, 0x000001caaada9528]
Event: 1686.111 Thread 0x000001cabcbd4370 21067       3       org.gradle.api.internal.jvm.JavaVersionParser::assertTrue (37 bytes)
Event: 1686.112 Thread 0x000001cabcbd4370 nmethod 21067 0x000001caab9d1f90 code [0x000001caab9d21e0, 0x000001caab9d28c8]
Event: 1686.113 Thread 0x000001cabcbd4370 21068       3       sun.security.provider.HashDrbg::addBytes (130 bytes)
Event: 1686.113 Thread 0x000001cabcbd4370 nmethod 21068 0x000001caaa1a6590 code [0x000001caaa1a6740, 0x000001caaa1a6af8]
Event: 1686.116 Thread 0x000001cabcbd4370 21069   !   3       org.gradle.internal.reflect.JavaMethod::invoke (74 bytes)
Event: 1686.118 Thread 0x000001cabcbd4370 nmethod 21069 0x000001caab9d2b90 code [0x000001caab9d2ee0, 0x000001caab9d44f8]
Event: 1686.123 Thread 0x000001cabcbd4370 21070       3       org.gradle.internal.snapshot.impl.IntegerValueSnapshot::isolate (5 bytes)
Event: 1686.123 Thread 0x000001cabcbd4370 nmethod 21070 0x000001caaae13a90 code [0x000001caaae13c40, 0x000001caaae13e18]
Event: 1686.123 Thread 0x000001cabcbd4370 21072       3       org.gradle.internal.snapshot.impl.IsolatedArray::isolate (60 bytes)
Event: 1686.124 Thread 0x000001cabcbd4370 nmethod 21072 0x000001caab9d4e90 code [0x000001caab9d50c0, 0x000001caab9d5a28]
Event: 1686.124 Thread 0x000001cabcbd4370 21071       3       org.gradle.internal.snapshot.impl.IsolatedArray::isolate (5 bytes)
Event: 1686.124 Thread 0x000001cabcbd4370 nmethod 21071 0x000001caa9d1ad10 code [0x000001caa9d1aec0, 0x000001caa9d1b008]

GC Heap History (20 events):
Event: 23.965 GC heap before
{Heap before GC invocations=13 (full 0):
 garbage-first heap   total 262144K, used 196663K [0x00000000e0000000, 0x0000000100000000)
  region size 1024K, 153 young (156672K), 18 survivors (18432K)
 Metaspace       used 67389K, committed 67968K, reserved 393216K
  class space    used 9145K, committed 9408K, reserved 327680K
}
Event: 23.994 GC heap after
{Heap after GC invocations=14 (full 0):
 garbage-first heap   total 262144K, used 63629K [0x00000000e0000000, 0x0000000100000000)
  region size 1024K, 7 young (7168K), 7 survivors (7168K)
 Metaspace       used 67389K, committed 67968K, reserved 393216K
  class space    used 9145K, committed 9408K, reserved 327680K
}
Event: 26.119 GC heap before
{Heap before GC invocations=14 (full 0):
 garbage-first heap   total 262144K, used 206989K [0x00000000e0000000, 0x0000000100000000)
  region size 1024K, 148 young (151552K), 7 survivors (7168K)
 Metaspace       used 74512K, committed 75200K, reserved 393216K
  class space    used 10207K, committed 10496K, reserved 327680K
}
Event: 26.130 GC heap after
{Heap after GC invocations=15 (full 0):
 garbage-first heap   total 262144K, used 63870K [0x00000000e0000000, 0x0000000100000000)
  region size 1024K, 7 young (7168K), 7 survivors (7168K)
 Metaspace       used 74512K, committed 75200K, reserved 393216K
  class space    used 10207K, committed 10496K, reserved 327680K
}
Event: 29.950 GC heap before
{Heap before GC invocations=15 (full 0):
 garbage-first heap   total 262144K, used 210302K [0x00000000e0000000, 0x0000000100000000)
  region size 1024K, 151 young (154624K), 7 survivors (7168K)
 Metaspace       used 85156K, committed 85888K, reserved 458752K
  class space    used 11509K, committed 11840K, reserved 327680K
}
Event: 29.984 GC heap after
{Heap after GC invocations=16 (full 0):
 garbage-first heap   total 262144K, used 76664K [0x00000000e0000000, 0x0000000100000000)
  region size 1024K, 19 young (19456K), 19 survivors (19456K)
 Metaspace       used 85156K, committed 85888K, reserved 458752K
  class space    used 11509K, committed 11840K, reserved 327680K
}
Event: 33.595 GC heap before
{Heap before GC invocations=16 (full 0):
 garbage-first heap   total 262144K, used 206712K [0x00000000e0000000, 0x0000000100000000)
  region size 1024K, 147 young (150528K), 19 survivors (19456K)
 Metaspace       used 87159K, committed 87872K, reserved 458752K
  class space    used 11745K, committed 12032K, reserved 327680K
}
Event: 33.626 GC heap after
{Heap after GC invocations=17 (full 0):
 garbage-first heap   total 262144K, used 76732K [0x00000000e0000000, 0x0000000100000000)
  region size 1024K, 5 young (5120K), 5 survivors (5120K)
 Metaspace       used 87159K, committed 87872K, reserved 458752K
  class space    used 11745K, committed 12032K, reserved 327680K
}
Event: 84.585 GC heap before
{Heap before GC invocations=17 (full 0):
 garbage-first heap   total 262144K, used 208828K [0x00000000e0000000, 0x0000000100000000)
  region size 1024K, 135 young (138240K), 5 survivors (5120K)
 Metaspace       used 89650K, committed 90368K, reserved 458752K
  class space    used 12047K, committed 12352K, reserved 327680K
}
Event: 84.648 GC heap after
{Heap after GC invocations=18 (full 0):
 garbage-first heap   total 262144K, used 86972K [0x00000000e0000000, 0x0000000100000000)
  region size 1024K, 15 young (15360K), 15 survivors (15360K)
 Metaspace       used 89650K, committed 90368K, reserved 458752K
  class space    used 12047K, committed 12352K, reserved 327680K
}
Event: 85.737 GC heap before
{Heap before GC invocations=18 (full 0):
 garbage-first heap   total 262144K, used 208828K [0x00000000e0000000, 0x0000000100000000)
  region size 1024K, 134 young (137216K), 15 survivors (15360K)
 Metaspace       used 89951K, committed 90688K, reserved 458752K
  class space    used 12048K, committed 12352K, reserved 327680K
}
Event: 85.761 GC heap after
{Heap after GC invocations=19 (full 0):
 garbage-first heap   total 262144K, used 87009K [0x00000000e0000000, 0x0000000100000000)
  region size 1024K, 3 young (3072K), 3 survivors (3072K)
 Metaspace       used 89951K, committed 90688K, reserved 458752K
  class space    used 12048K, committed 12352K, reserved 327680K
}
Event: 87.509 GC heap before
{Heap before GC invocations=19 (full 0):
 garbage-first heap   total 262144K, used 210913K [0x00000000e0000000, 0x0000000100000000)
  region size 1024K, 125 young (128000K), 3 survivors (3072K)
 Metaspace       used 90549K, committed 91264K, reserved 458752K
  class space    used 12056K, committed 12352K, reserved 327680K
}
Event: 87.517 GC heap after
{Heap after GC invocations=20 (full 0):
 garbage-first heap   total 262144K, used 89014K [0x00000000e0000000, 0x0000000100000000)
  region size 1024K, 5 young (5120K), 5 survivors (5120K)
 Metaspace       used 90549K, committed 91264K, reserved 458752K
  class space    used 12056K, committed 12352K, reserved 327680K
}
Event: 524.512 GC heap before
{Heap before GC invocations=20 (full 0):
 garbage-first heap   total 262144K, used 213942K [0x00000000e0000000, 0x0000000100000000)
  region size 1024K, 128 young (131072K), 5 survivors (5120K)
 Metaspace       used 90922K, committed 91648K, reserved 458752K
  class space    used 12062K, committed 12416K, reserved 327680K
}
Event: 524.634 GC heap after
{Heap after GC invocations=21 (full 0):
 garbage-first heap   total 262144K, used 86843K [0x00000000e0000000, 0x0000000100000000)
  region size 1024K, 3 young (3072K), 3 survivors (3072K)
 Metaspace       used 90922K, committed 91648K, reserved 458752K
  class space    used 12062K, committed 12416K, reserved 327680K
}
Event: 1682.279 GC heap before
{Heap before GC invocations=21 (full 0):
 garbage-first heap   total 262144K, used 216891K [0x00000000e0000000, 0x0000000100000000)
  region size 1024K, 131 young (134144K), 3 survivors (3072K)
 Metaspace       used 91487K, committed 92224K, reserved 458752K
  class space    used 12092K, committed 12416K, reserved 327680K
}
Event: 1682.379 GC heap after
{Heap after GC invocations=22 (full 0):
 garbage-first heap   total 262144K, used 97249K [0x00000000e0000000, 0x0000000100000000)
  region size 1024K, 13 young (13312K), 13 survivors (13312K)
 Metaspace       used 91487K, committed 92224K, reserved 458752K
  class space    used 12092K, committed 12416K, reserved 327680K
}
Event: 1684.379 GC heap before
{Heap before GC invocations=22 (full 0):
 garbage-first heap   total 262144K, used 210913K [0x00000000e0000000, 0x0000000100000000)
  region size 1024K, 124 young (126976K), 13 survivors (13312K)
 Metaspace       used 91685K, committed 92544K, reserved 458752K
  class space    used 12104K, committed 12480K, reserved 327680K
}
Event: 1684.427 GC heap after
{Heap after GC invocations=23 (full 0):
 garbage-first heap   total 262144K, used 97614K [0x00000000e0000000, 0x0000000100000000)
  region size 1024K, 4 young (4096K), 4 survivors (4096K)
 Metaspace       used 91685K, committed 92544K, reserved 458752K
  class space    used 12104K, committed 12480K, reserved 327680K
}

Deoptimization events (20 events):
Event: 1685.980 Thread 0x000001cad8322160 Uncommon trap: trap_request=0xffffffbe fr.pc=0x000001cab204fbcc relative=0x000000000000022c
Event: 1685.980 Thread 0x000001cad8322160 Uncommon trap: reason=profile_predicate action=maybe_recompile pc=0x000001cab204fbcc method=java.util.HashMap.keysToArray([Ljava/lang/Object;)[Ljava/lang/Object; @ 48 c2
Event: 1685.980 Thread 0x000001cad8322160 DEOPT PACKING pc=0x000001cab204fbcc sp=0x0000006683bfae90
Event: 1685.980 Thread 0x000001cad8322160 DEOPT UNPACKING pc=0x000001cab12123a3 sp=0x0000006683bfae38 mode 2
Event: 1685.983 Thread 0x000001cad8322160 Uncommon trap: trap_request=0xffffffdc fr.pc=0x000001cab1fd614c relative=0x00000000000002ac
Event: 1685.983 Thread 0x000001cad8322160 Uncommon trap: reason=class_check action=make_not_entrant pc=0x000001cab1fd614c method=java.util.ArrayDeque.toArray(Ljava/lang/Class;)[Ljava/lang/Object; @ 45 c2
Event: 1685.983 Thread 0x000001cad8322160 DEOPT PACKING pc=0x000001cab1fd614c sp=0x0000006683bfa990
Event: 1685.983 Thread 0x000001cad8322160 DEOPT UNPACKING pc=0x000001cab12123a3 sp=0x0000006683bfa930 mode 2
Event: 1686.109 Thread 0x000001cad8322160 Uncommon trap: trap_request=0xffffff45 fr.pc=0x000001cab1e16550 relative=0x0000000000000290
Event: 1686.109 Thread 0x000001cad8322160 Uncommon trap: reason=unstable_if action=reinterpret pc=0x000001cab1e16550 method=com.google.common.collect.Lists.equalsImpl(Ljava/util/List;Ljava/lang/Object;)Z @ 85 c2
Event: 1686.109 Thread 0x000001cad8322160 DEOPT PACKING pc=0x000001cab1e16550 sp=0x0000006683bfc990
Event: 1686.109 Thread 0x000001cad8322160 DEOPT UNPACKING pc=0x000001cab12123a3 sp=0x0000006683bfc938 mode 2
Event: 1686.117 Thread 0x000001cad8322160 Uncommon trap: trap_request=0xffffffd6 fr.pc=0x000001cab206398c relative=0x000000000000072c
Event: 1686.117 Thread 0x000001cad8322160 Uncommon trap: reason=array_check action=maybe_recompile pc=0x000001cab206398c method=java.util.AbstractCollection.toArray([Ljava/lang/Object;)[Ljava/lang/Object; @ 116 c2
Event: 1686.117 Thread 0x000001cad8322160 DEOPT PACKING pc=0x000001cab206398c sp=0x0000006683bfaa90
Event: 1686.117 Thread 0x000001cad8322160 DEOPT UNPACKING pc=0x000001cab12123a3 sp=0x0000006683bfaa40 mode 2
Event: 1686.117 Thread 0x000001cad8322160 Uncommon trap: trap_request=0xffffffd6 fr.pc=0x000001cab206398c relative=0x000000000000072c
Event: 1686.117 Thread 0x000001cad8322160 Uncommon trap: reason=array_check action=maybe_recompile pc=0x000001cab206398c method=java.util.AbstractCollection.toArray([Ljava/lang/Object;)[Ljava/lang/Object; @ 116 c2
Event: 1686.117 Thread 0x000001cad8322160 DEOPT PACKING pc=0x000001cab206398c sp=0x0000006683bfaa90
Event: 1686.117 Thread 0x000001cad8322160 DEOPT UNPACKING pc=0x000001cab12123a3 sp=0x0000006683bfaa40 mode 2

Classes unloaded (0 events):
No events

Classes redefined (0 events):
No events

Internal exceptions (20 events):
Event: 1685.805 Thread 0x000001cad8322160 Exception <a 'sun/nio/fs/WindowsException'{0x00000000ed00fa48}> (0x00000000ed00fa48) 
thrown [s\open\src\hotspot\share\prims\jni.cpp, line 516]
Event: 1685.806 Thread 0x000001cad8322160 Exception <a 'sun/nio/fs/WindowsException'{0x00000000ed011008}> (0x00000000ed011008) 
thrown [s\open\src\hotspot\share\prims\jni.cpp, line 516]
Event: 1685.817 Thread 0x000001cad8322160 Exception <a 'sun/nio/fs/WindowsException'{0x00000000ed0668b8}> (0x00000000ed0668b8) 
thrown [s\open\src\hotspot\share\prims\jni.cpp, line 516]
Event: 1685.817 Thread 0x000001cad8322160 Exception <a 'sun/nio/fs/WindowsException'{0x00000000ed067e78}> (0x00000000ed067e78) 
thrown [s\open\src\hotspot\share\prims\jni.cpp, line 516]
Event: 1685.820 Thread 0x000001cad8322160 Exception <a 'sun/nio/fs/WindowsException'{0x00000000ed08cb50}> (0x00000000ed08cb50) 
thrown [s\open\src\hotspot\share\prims\jni.cpp, line 516]
Event: 1685.821 Thread 0x000001cad8322160 Exception <a 'sun/nio/fs/WindowsException'{0x00000000ed08e4a8}> (0x00000000ed08e4a8) 
thrown [s\open\src\hotspot\share\prims\jni.cpp, line 516]
Event: 1685.824 Thread 0x000001cad8322160 Exception <a 'sun/nio/fs/WindowsException'{0x00000000ed0ce9e8}> (0x00000000ed0ce9e8) 
thrown [s\open\src\hotspot\share\prims\jni.cpp, line 516]
Event: 1685.825 Thread 0x000001cad8322160 Exception <a 'sun/nio/fs/WindowsException'{0x00000000ed0cffa8}> (0x00000000ed0cffa8) 
thrown [s\open\src\hotspot\share\prims\jni.cpp, line 516]
Event: 1685.835 Thread 0x000001cad8322160 Exception <a 'sun/nio/fs/WindowsException'{0x00000000ed0f4ef0}> (0x00000000ed0f4ef0) 
thrown [s\open\src\hotspot\share\prims\jni.cpp, line 516]
Event: 1685.835 Thread 0x000001cad8322160 Exception <a 'sun/nio/fs/WindowsException'{0x00000000ed0f64b0}> (0x00000000ed0f64b0) 
thrown [s\open\src\hotspot\share\prims\jni.cpp, line 516]
Event: 1685.844 Thread 0x000001cad8322160 Exception <a 'sun/nio/fs/WindowsException'{0x00000000ecf45b20}> (0x00000000ecf45b20) 
thrown [s\open\src\hotspot\share\prims\jni.cpp, line 516]
Event: 1685.845 Thread 0x000001cad8322160 Exception <a 'sun/nio/fs/WindowsException'{0x00000000ecf470e0}> (0x00000000ecf470e0) 
thrown [s\open\src\hotspot\share\prims\jni.cpp, line 516]
Event: 1685.852 Thread 0x000001cad8322160 Exception <a 'sun/nio/fs/WindowsException'{0x00000000ecf98d10}> (0x00000000ecf98d10) 
thrown [s\open\src\hotspot\share\prims\jni.cpp, line 516]
Event: 1685.852 Thread 0x000001cad8322160 Exception <a 'sun/nio/fs/WindowsException'{0x00000000ecf9a2d0}> (0x00000000ecf9a2d0) 
thrown [s\open\src\hotspot\share\prims\jni.cpp, line 516]
Event: 1685.856 Thread 0x000001cad8322160 Exception <a 'sun/nio/fs/WindowsException'{0x00000000ecfda848}> (0x00000000ecfda848) 
thrown [s\open\src\hotspot\share\prims\jni.cpp, line 516]
Event: 1685.856 Thread 0x000001cad8322160 Exception <a 'sun/nio/fs/WindowsException'{0x00000000ecfdbe08}> (0x00000000ecfdbe08) 
thrown [s\open\src\hotspot\share\prims\jni.cpp, line 516]
Event: 1685.860 Thread 0x000001cad8322160 Exception <a 'sun/nio/fs/WindowsException'{0x00000000ece2b638}> (0x00000000ece2b638) 
thrown [s\open\src\hotspot\share\prims\jni.cpp, line 516]
Event: 1685.861 Thread 0x000001cad8322160 Exception <a 'sun/nio/fs/WindowsException'{0x00000000ece2cbf8}> (0x00000000ece2cbf8) 
thrown [s\open\src\hotspot\share\prims\jni.cpp, line 516]
Event: 1685.863 Thread 0x000001cad8322160 Exception <a 'sun/nio/fs/WindowsException'{0x00000000ece763a8}> (0x00000000ece763a8) 
thrown [s\open\src\hotspot\share\prims\jni.cpp, line 516]
Event: 1685.863 Thread 0x000001cad8322160 Exception <a 'sun/nio/fs/WindowsException'{0x00000000ece775e8}> (0x00000000ece775e8) 
thrown [s\open\src\hotspot\share\prims\jni.cpp, line 516]

VM Operations (20 events):
Event: 1679.226 Executing VM operation: Cleanup
Event: 1679.227 Executing VM operation: Cleanup done
Event: 1680.234 Executing VM operation: Cleanup
Event: 1680.237 Executing VM operation: Cleanup done
Event: 1681.242 Executing VM operation: Cleanup
Event: 1681.243 Executing VM operation: Cleanup done
Event: 1682.253 Executing VM operation: Cleanup
Event: 1682.254 Executing VM operation: Cleanup done
Event: 1682.277 Executing VM operation: G1CollectForAllocation
Event: 1682.380 Executing VM operation: G1CollectForAllocation done
Event: 1683.394 Executing VM operation: Cleanup
Event: 1683.418 Executing VM operation: Cleanup done
Event: 1684.345 Executing VM operation: HandshakeAllThreads
Event: 1684.346 Executing VM operation: HandshakeAllThreads done
Event: 1684.379 Executing VM operation: G1CollectForAllocation
Event: 1684.429 Executing VM operation: G1CollectForAllocation done
Event: 1684.735 Executing VM operation: HandshakeAllThreads
Event: 1684.880 Executing VM operation: HandshakeAllThreads done
Event: 1685.869 Executing VM operation: ICBufferFull
Event: 1685.869 Executing VM operation: ICBufferFull done

Events (20 events):
Event: 1685.065 Thread 0x000001cabcbd4c80 flushing nmethod 0x000001caaa6e6310
Event: 1685.066 Thread 0x000001cabcbd4c80 flushing nmethod 0x000001caaa72ef90
Event: 1685.067 Thread 0x000001cabcbd4c80 flushing nmethod 0x000001caaa74c990
Event: 1685.067 Thread 0x000001cabcbd4c80 flushing nmethod 0x000001caaa766c10
Event: 1685.067 Thread 0x000001cabcbd4c80 flushing nmethod 0x000001caaa77e110
Event: 1685.067 Thread 0x000001cabcbd4c80 flushing nmethod 0x000001caaa77eb90
Event: 1685.079 Thread 0x000001cabcbd4c80 flushing nmethod 0x000001caaa8c6610
Event: 1685.085 Thread 0x000001cabcbd4c80 flushing nmethod 0x000001caaa9ee510
Event: 1685.086 Thread 0x000001cabcbd4c80 flushing nmethod 0x000001caaa9fed10
Event: 1685.087 Thread 0x000001cabcbd4c80 flushing nmethod 0x000001caaaa1cb90
Event: 1685.090 Thread 0x000001cabcbd4c80 flushing nmethod 0x000001caaab70490
Event: 1685.093 Thread 0x000001cabcbd4c80 flushing nmethod 0x000001caaaca5510
Event: 1685.096 Thread 0x000001cabcbd4c80 flushing nmethod 0x000001caaada9190
Event: 1685.097 Thread 0x000001cabcbd4c80 flushing nmethod 0x000001caaae0b910
Event: 1685.098 Thread 0x000001cabcbd4c80 flushing nmethod 0x000001caaae0ee90
Event: 1685.098 Thread 0x000001cabcbd4c80 flushing nmethod 0x000001caaae13a90
Event: 1685.098 Thread 0x000001cabcbd4c80 flushing nmethod 0x000001caaae30710
Event: 1685.100 Thread 0x000001cabcbd4c80 flushing nmethod 0x000001caaaeacb10
Event: 1685.155 Thread 0x000001cabcbd4c80 flushing nmethod 0x000001caab2fe310
Event: 1685.718 Thread 0x000001cad72bd940 Thread exited: 0x000001cad72bd940


Dynamic libraries:
0x00007ff7c2340000 - 0x00007ff7c2350000 	C:\Program Files\Java\jdk-17\bin\java.exe
0x00007ff86ff10000 - 0x00007ff870108000 	C:\Windows\SYSTEM32\ntdll.dll
0x00007ff86f1b0000 - 0x00007ff86f272000 	C:\Windows\System32\KERNEL32.DLL
0x00007ff86d880000 - 0x00007ff86db77000 	C:\Windows\System32\KERNELBASE.dll
0x00007ff86d780000 - 0x00007ff86d880000 	C:\Windows\System32\ucrtbase.dll
0x00007ff862c30000 - 0x00007ff862c49000 	C:\Program Files\Java\jdk-17\bin\jli.dll
0x00007ff8688f0000 - 0x00007ff86890b000 	C:\Program Files\Java\jdk-17\bin\VCRUNTIME140.dll
0x00007ff86e0f0000 - 0x00007ff86e1a1000 	C:\Windows\System32\ADVAPI32.dll
0x00007ff86f950000 - 0x00007ff86f9ee000 	C:\Windows\System32\msvcrt.dll
0x00007ff86fdf0000 - 0x00007ff86fe8f000 	C:\Windows\System32\sechost.dll
0x00007ff86e1b0000 - 0x00007ff86e2d6000 	C:\Windows\System32\RPCRT4.dll
0x00007ff86d750000 - 0x00007ff86d777000 	C:\Windows\System32\bcrypt.dll
0x00007ff86fa10000 - 0x00007ff86fbad000 	C:\Windows\System32\USER32.dll
0x00007ff86df00000 - 0x00007ff86df22000 	C:\Windows\System32\win32u.dll
0x00007ff86fe90000 - 0x00007ff86febb000 	C:\Windows\System32\GDI32.dll
0x00007ff86dc90000 - 0x00007ff86dda9000 	C:\Windows\System32\gdi32full.dll
0x00007ff86de60000 - 0x00007ff86defd000 	C:\Windows\System32\msvcp_win.dll
0x00007ff855ad0000 - 0x00007ff855d6a000 	C:\Windows\WinSxS\amd64_microsoft.windows.common-controls_6595b64144ccf1df_6.0.19041.5915_none_60b4b9d171f9c7c7\COMCTL32.dll
0x00007ff867d20000 - 0x00007ff867d2a000 	C:\Windows\SYSTEM32\VERSION.dll
0x00007ff86df30000 - 0x00007ff86df5f000 	C:\Windows\System32\IMM32.DLL
0x00007ff86aa00000 - 0x00007ff86aa0c000 	C:\Program Files\Java\jdk-17\bin\vcruntime140_1.dll
0x00007ff862a70000 - 0x00007ff862afe000 	C:\Program Files\Java\jdk-17\bin\msvcp140.dll
0x00007ff81b400000 - 0x00007ff81bfe0000 	C:\Program Files\Java\jdk-17\bin\server\jvm.dll
0x00007ff86f280000 - 0x00007ff86f288000 	C:\Windows\System32\PSAPI.DLL
0x00007ff855d70000 - 0x00007ff855d97000 	C:\Windows\SYSTEM32\WINMM.dll
0x00007ff85f0e0000 - 0x00007ff85f0e9000 	C:\Windows\SYSTEM32\WSOCK32.dll
0x00007ff86f810000 - 0x00007ff86f87b000 	C:\Windows\System32\WS2_32.dll
0x00007ff86b400000 - 0x00007ff86b412000 	C:\Windows\SYSTEM32\kernel.appcore.dll
0x00007ff862c20000 - 0x00007ff862c2a000 	C:\Program Files\Java\jdk-17\bin\jimage.dll
0x00007ff867250000 - 0x00007ff867451000 	C:\Windows\SYSTEM32\DBGHELP.DLL
0x00007ff866d90000 - 0x00007ff866dc4000 	C:\Windows\SYSTEM32\dbgcore.DLL
0x00007ff86db80000 - 0x00007ff86dc02000 	C:\Windows\System32\bcryptPrimitives.dll
0x00007ff862d80000 - 0x00007ff862d8e000 	C:\Program Files\Java\jdk-17\bin\instrument.dll
0x00007ff862a40000 - 0x00007ff862a65000 	C:\Program Files\Java\jdk-17\bin\java.dll
0x00007ff83f2b0000 - 0x00007ff83f387000 	C:\Program Files\Java\jdk-17\bin\jsvml.dll
0x00007ff86e470000 - 0x00007ff86ebde000 	C:\Windows\System32\SHELL32.dll
0x00007ff86b600000 - 0x00007ff86bda4000 	C:\Windows\SYSTEM32\windows.storage.dll
0x00007ff86f4b0000 - 0x00007ff86f803000 	C:\Windows\System32\combase.dll
0x00007ff86ce20000 - 0x00007ff86ce4b000 	C:\Windows\SYSTEM32\Wldp.dll
0x00007ff86f880000 - 0x00007ff86f94d000 	C:\Windows\System32\OLEAUT32.dll
0x00007ff86f3a0000 - 0x00007ff86f44d000 	C:\Windows\System32\SHCORE.dll
0x00007ff86e2e0000 - 0x00007ff86e33b000 	C:\Windows\System32\shlwapi.dll
0x00007ff86d4d0000 - 0x00007ff86d4f4000 	C:\Windows\SYSTEM32\profapi.dll
0x00007ff8629b0000 - 0x00007ff8629c8000 	C:\Program Files\Java\jdk-17\bin\zip.dll
0x00007ff862b30000 - 0x00007ff862b49000 	C:\Program Files\Java\jdk-17\bin\net.dll
0x00007ff866c80000 - 0x00007ff866d8a000 	C:\Windows\SYSTEM32\WINHTTP.dll
0x00007ff86cc00000 - 0x00007ff86cc6a000 	C:\Windows\system32\mswsock.dll
0x00007ff862a20000 - 0x00007ff862a36000 	C:\Program Files\Java\jdk-17\bin\nio.dll
0x00007ff862d70000 - 0x00007ff862d80000 	C:\Program Files\Java\jdk-17\bin\verify.dll
0x00007ff862970000 - 0x00007ff862997000 	C:\Users\User\.gradle\native\1def1411415f61bf3af743bc5b6707747c0891f09f0c88961ee8f79bc544acac\windows-amd64\native-platform.dll
0x00007ff843630000 - 0x00007ff8436a8000 	C:\Users\User\.gradle\native\0.2.7\x86_64-windows-gnu\gradle-fileevents.dll
0x00007ff862a10000 - 0x00007ff862a1a000 	C:\Program Files\Java\jdk-17\bin\management.dll
0x00007ff8629a0000 - 0x00007ff8629ab000 	C:\Program Files\Java\jdk-17\bin\management_ext.dll
0x00007ff86c900000 - 0x00007ff86c93b000 	C:\Windows\SYSTEM32\IPHLPAPI.DLL
0x00007ff86e460000 - 0x00007ff86e468000 	C:\Windows\System32\NSI.dll
0x00007ff867890000 - 0x00007ff8678a7000 	C:\Windows\SYSTEM32\dhcpcsvc6.DLL
0x00007ff867930000 - 0x00007ff86794d000 	C:\Windows\SYSTEM32\dhcpcsvc.DLL
0x00007ff86c940000 - 0x00007ff86ca0a000 	C:\Windows\SYSTEM32\DNSAPI.dll
0x00007ff86ce60000 - 0x00007ff86ce78000 	C:\Windows\SYSTEM32\CRYPTSP.dll
0x00007ff86c540000 - 0x00007ff86c578000 	C:\Windows\system32\rsaenh.dll
0x00007ff86d450000 - 0x00007ff86d47e000 	C:\Windows\SYSTEM32\USERENV.dll
0x00007ff86cd90000 - 0x00007ff86cd9c000 	C:\Windows\SYSTEM32\CRYPTBASE.dll
0x00007ff862bd0000 - 0x00007ff862bde000 	C:\Program Files\Java\jdk-17\bin\sunmscapi.dll
0x00007ff86d5f0000 - 0x00007ff86d74d000 	C:\Windows\System32\CRYPT32.dll
0x00007ff86cf70000 - 0x00007ff86cf97000 	C:\Windows\SYSTEM32\ncrypt.dll
0x00007ff86cf30000 - 0x00007ff86cf6b000 	C:\Windows\SYSTEM32\NTASN1.dll
0x00007ff85b690000 - 0x00007ff85b697000 	C:\Windows\system32\wshunix.dll
0x00007ff860ce0000 - 0x00007ff860cea000 	C:\Windows\System32\rasadhlp.dll
0x00007ff864ab0000 - 0x00007ff864b30000 	C:\Windows\System32\fwpuclnt.dll
0x00007ff86c790000 - 0x00007ff86c7c3000 	C:\Windows\SYSTEM32\ntmarta.dll

dbghelp: loaded successfully - version: 4.0.5 - missing functions: none
symbol engine: initialized successfully - sym options: 0x614 - pdb path: .;C:\Program Files\Java\jdk-17\bin;C:\Windows\SYSTEM32;C:\Windows\WinSxS\amd64_microsoft.windows.common-controls_6595b64144ccf1df_6.0.19041.5915_none_60b4b9d171f9c7c7;C:\Program Files\Java\jdk-17\bin\server;C:\Users\User\.gradle\native\1def1411415f61bf3af743bc5b6707747c0891f09f0c88961ee8f79bc544acac\windows-amd64;C:\Users\User\.gradle\native\0.2.7\x86_64-windows-gnu

VM Arguments:
jvm_args: --add-opens=java.base/java.lang=ALL-UNNAMED --add-opens=java.base/java.lang.invoke=ALL-UNNAMED --add-opens=java.base/java.util=ALL-UNNAMED --add-opens=java.prefs/java.util.prefs=ALL-UNNAMED --add-exports=jdk.compiler/com.sun.tools.javac.api=ALL-UNNAMED --add-exports=jdk.compiler/com.sun.tools.javac.util=ALL-UNNAMED --add-opens=java.base/java.util=ALL-UNNAMED --add-opens=java.prefs/java.util.prefs=ALL-UNNAMED --add-opens=java.base/java.nio.charset=ALL-UNNAMED --add-opens=java.base/java.net=ALL-UNNAMED --add-opens=java.base/java.util.concurrent.atomic=ALL-UNNAMED --add-opens=java.xml/javax.xml.namespace=ALL-UNNAMED -XX:MaxMetaspaceSize=384m -XX:+HeapDumpOnOutOfMemoryError -Xms256m -Xmx512m -Dfile.encoding=UTF-8 -Duser.country=IN -Duser.language=en -Duser.variant -javaagent:C:\Users\User\.gradle\wrapper\dists\gradle-8.14.3-bin\cv11ve7ro1n3o1j4so8xd9n66\gradle-8.14.3\lib\agents\gradle-instrumentation-agent-8.14.3.jar 
java_command: org.gradle.launcher.daemon.bootstrap.GradleDaemon 8.14.3
java_class_path (initial): C:\Users\User\.gradle\wrapper\dists\gradle-8.14.3-bin\cv11ve7ro1n3o1j4so8xd9n66\gradle-8.14.3\lib\gradle-daemon-main-8.14.3.jar
Launcher Type: SUN_STANDARD

[Global flags]
     intx CICompilerCount                          = 3                                         {product} {ergonomic}
   size_t CompressedClassSpaceSize                 = 335544320                                 {product} {ergonomic}
     uint ConcGCThreads                            = 1                                         {product} {ergonomic}
     uint G1ConcRefinementThreads                  = 4                                         {product} {ergonomic}
   size_t G1HeapRegionSize                         = 1048576                                   {product} {ergonomic}
    uintx GCDrainStackTargetSize                   = 64                                        {product} {ergonomic}
     bool HeapDumpOnOutOfMemoryError               = true                                   {manageable} {command line}
   size_t InitialHeapSize                          = 268435456                                 {product} {command line}
   size_t MarkStackSize                            = 4194304                                   {product} {ergonomic}
   size_t MaxHeapSize                              = 536870912                                 {product} {command line}
   size_t MaxMetaspaceSize                         = 402653184                                 {product} {command line}
   size_t MaxNewSize                               = 321912832                                 {product} {ergonomic}
   size_t MinHeapDeltaBytes                        = 1048576                                   {product} {ergonomic}
   size_t MinHeapSize                              = 268435456                                 {product} {command line}
    uintx NonNMethodCodeHeapSize                   = 5832780                                {pd product} {ergonomic}
    uintx NonProfiledCodeHeapSize                  = 122912730                              {pd product} {ergonomic}
    uintx ProfiledCodeHeapSize                     = 122912730                              {pd product} {ergonomic}
    uintx ReservedCodeCacheSize                    = 251658240                              {pd product} {ergonomic}
     bool SegmentedCodeCache                       = true                                      {product} {ergonomic}
   size_t SoftMaxHeapSize                          = 536870912                              {manageable} {ergonomic}
     bool UseCompressedClassPointers               = true                           {product lp64_product} {ergonomic}
     bool UseCompressedOops                        = true                           {product lp64_product} {ergonomic}
     bool UseG1GC                                  = true                                      {product} {ergonomic}
     bool UseLargePagesIndividualAllocation        = false                                  {pd product} {ergonomic}

Logging:
Log output configuration:
 #0: stdout all=warning uptime,level,tags
 #1: stderr all=off uptime,level,tags

Environment Variables:
JAVA_HOME=C:\Program Files\Java\jdk-17
PATH=C:\Program Files\Common Files\Oracle\Java\javapath;C:\Windows\system32;C:\Windows;C:\Windows\System32\Wbem;C:\Windows\System32\WindowsPowerShell\v1.0\;C:\Windows\System32\OpenSSH\;C:\Program Files\Git\cmd;C:\Program Files\Java\jdk-17\bin;;C:\Program Files\Docker\Docker\resources\bin;C:\Program Files\dotnet\;C:\Windows\system32\config\systemprofile\AppData\Local\Muse Hub\lib;C:\Program Files\MySQL\MySQL Shell 8.0\bin\;C:\Users\User\AppData\Local\Microsoft\WindowsApps;C:\Users\User\AppData\Local\Programs\Microsoft VS Code\bin;C:\Program Files\Java\jdk-17\bin;C:\Windows\System32\cmd.exe;;C:\Program Files\JetBrains\IntelliJ IDEA Community Edition 2025.1.2\bin;
USERNAME=User
OS=Windows_NT
PROCESSOR_IDENTIFIER=Intel64 Family 6 Model 58 Stepping 9, GenuineIntel



---------------  S Y S T E M  ---------------

OS:
 Windows 10 , 64 bit Build 19041 (10.0.19041.5915)
OS uptime: 1 days 6:11 hours
Hyper-V role detected

CPU: total 4 (initial active 4) (2 cores per cpu, 2 threads per core) family 6 model 58 stepping 9 microcode 0x21, cx8, cmov, fxsr, ht, mmx, sse, sse2, sse3, ssse3, sse4.1, sse4.2, popcnt, tsc, tscinvbit, avx, erms, clmul, vzeroupper, clflush, hv

Memory: 4k page, system-wide physical 3989M (274M free)
TotalPageFile size 16277M (AvailPageFile size 1M)
current process WorkingSet (physical memory assigned to process): 379M, peak: 472M
current process commit charge ("private bytes"): 565M, peak: 577M

vm_info: Java HotSpot(TM) 64-Bit Server VM (17.0.12+8-LTS-286) for windows-amd64 JRE (17.0.12+8-LTS-286), built on Jun  5 2024 06:46:59 by "mach5one" with MS VC++ 17.6 (VS2022)

END.
